<?xml version="1.0" encoding="UTF-8" standalone="no"?>
<testsuite errors="0" failures="2" name="io.cucumber.core.plugin.JUnitFormatter" skipped="0" tests="18" time="130.34">
    <testcase classname="The Hartford Home Page Functionality Check" name="Check Find Agent Web element is functional" time="8.834">
        <system-out>
            <![CDATA[Given I on The Heart Fort Homepage..........................................passed
When I Click on Find Agent Web Element......................................passed
Then I Verify Find Agent page title.........................................passed
]]>
        </system-out>
    </testcase>
    <testcase classname="The Hartford Home Page Functionality Check" name="Check Home Web element is functional" time="5.73">
        <system-out>
            <![CDATA[Given I on The Heart Fort Homepage..........................................passed
When I Click on Home Web Element............................................passed
Then I Verify Home page title...............................................passed
]]>
        </system-out>
    </testcase>
    <testcase classname="The Hartford Home Page Functionality Check" name="Check Business Web element is functional" time="6.639">
        <system-out>
            <![CDATA[Given I on The Heart Fort Homepage..........................................passed
When I Click on Business Web Element........................................passed
Then I Verify Business page title...........................................passed
]]>
        </system-out>
    </testcase>
    <testcase classname="The Hartford Home Page Functionality Check" name="Check The HartFord Home Image Web element is functional" time="6.259">
        <system-out>
            <![CDATA[Given I on The Heart Fort Homepage..........................................passed
When I Click on The HartFord Home Image Web Element.........................passed
Then I Verify The HartFord Home Image page title............................passed
]]>
        </system-out>
    </testcase>
    <testcase classname="The Hartford Home Page Functionality Check" name="Check About Us Web element is functional" time="9.206">
        <failure message="expected [Business, Home &amp; Car Insurance Quotes | The Hartford Insurance] but found [About Us | Learn About The Hartford]" type="java.lang.AssertionError">
            <![CDATA[Given I on The Heart Fort Homepage..........................................passed
When I Click on About Us Web Element........................................passed
Then I Verify TAbout Us page title..........................................failed

StackTrace:
java.lang.AssertionError: expected [Business, Home & Car Insurance Quotes | The Hartford Insurance] but found [About Us | Learn About The Hartford]
	at org.testng.Assert.fail(Assert.java:97)
	at org.testng.Assert.assertEqualsImpl(Assert.java:136)
	at org.testng.Assert.assertEquals(Assert.java:118)
	at org.testng.Assert.assertEquals(Assert.java:575)
	at org.testng.Assert.assertEquals(Assert.java:585)
	at search.Search.validateAboutUs(Search.java:203)
	at stepDefinitions.HomeStepDefinition.iVerifyTAboutUsPageTitle(HomeStepDefinition.java:116)
	at ✽.I Verify TAbout Us page title(file:///C:/Users/Waqas/IdeaProjects/BDDWebAutomationFramework_Team1/TheHartford/src/test/java/features/HomePage.feature:46)
]]>
        </failure>
    </testcase>
    <testcase classname="The Hartford Home Page Functionality Check" name="Check Agent and Producers Web element is functional" time="6.393">
        <system-out>
            <![CDATA[Given I on The Heart Fort Homepage..........................................passed
When I Click on Agent and Producers Web Element.............................passed
Then I Verify Agent and Producers page title................................passed
]]>
        </system-out>
    </testcase>
    <testcase classname="The Hartford Home Page Functionality Check" name="Check Contact Us Web element is functional" time="6.064">
        <system-out>
            <![CDATA[Given I on The Heart Fort Homepage..........................................passed
When I Click on Contact Us Web Element......................................passed
Then I Verify Contact Us page title.........................................passed
]]>
        </system-out>
    </testcase>
    <testcase classname="The Hartford Home Page Functionality Check" name="Check Mobile App Web element is functional" time="5.87">
        <system-out>
            <![CDATA[Given I on The Heart Fort Homepage..........................................passed
When I Click on Mobile App Web Element......................................passed
Then I Verify Mobile App page title.........................................passed
]]>
        </system-out>
    </testcase>
    <testcase classname="The Hartford Home Page Functionality Check" name="Check Small Business Web element is functional" time="6.445">
        <system-out>
            <![CDATA[Given I on The Heart Fort Homepage..........................................passed
When I Click on Small Business Web Element..................................passed
Then I Verify MSmall Business page title....................................passed
]]>
        </system-out>
    </testcase>
    <testcase classname="The Hartford Home Page Functionality Check" name="Check Privacy Policy Web element is functional" time="5.707">
        <system-out>
            <![CDATA[Given I on The Heart Fort Homepage..........................................passed
When I Click on Privacy Policy Web Element..................................passed
Then I Verify Privacy Policy page title.....................................passed
]]>
        </system-out>
    </testcase>
    <testcase classname="The Hartford Home Page Functionality Check" name="Check Legal Notice Web element is functional" time="5.481">
        <system-out>
            <![CDATA[Given I on The Heart Fort Homepage..........................................passed
When I Click on Legal Notice Web Element....................................passed
Then I Verify Legal Notice page title.......................................passed
]]>
        </system-out>
    </testcase>
    <testcase classname="The Hartford Home Page Functionality Check" name="Check Accessibility Statement Web element is functional" time="6.896">
        <system-out>
            <![CDATA[Given I on The Heart Fort Homepage..........................................passed
When I Click on Accessibility Statement Web Element.........................passed
Then I Verify Accessibility Statement page title............................passed
]]>
        </system-out>
    </testcase>
    <testcase classname="The Hartford Home Page Functionality Check" name="Check Producers Compensations Web element is functional" time="6.664">
        <system-out>
            <![CDATA[Given I on The Heart Fort Homepage..........................................passed
When I Click on Producers Compensations Web Element.........................passed
Then I Verify Producers Compensations page title............................passed
]]>
        </system-out>
    </testcase>
    <testcase classname="The Hartford Home Page Functionality Check" name="Check EEO Web element is functional" time="6.34">
        <system-out>
            <![CDATA[Given I on The Heart Fort Homepage..........................................passed
When I Click on EEO Web Element.............................................passed
Then I Verify EEO page title................................................passed
]]>
        </system-out>
    </testcase>
    <testcase classname="The Hartford Home Page Functionality Check" name="Check FeedBack Web element is functional" time="17.897">
        <failure message="no such element: Unable to locate element: {&quot;method&quot;:&quot;xpath&quot;,&quot;selector&quot;:&quot;//*[@id=&quot;liveForm&quot;]/div/div[2]/div[1]/div/div/div[2]/div/div/p/p/span/span/strong&quot;}&#10;  (Session info: chrome=85.0.4183.121)&#10;For documentation on this error, please visit: https://www.seleniumhq.org/exceptions/no_such_element.html&#10;Build info: version: '3.141.59', revision: 'e82be7d358', time: '2018-11-14T08:17:03'&#10;System info: host: 'WAQAS', ip: '192.168.1.166', os.name: 'Windows 10', os.arch: 'amd64', os.version: '10.0', java.version: '11.0.8'&#10;Driver info: org.openqa.selenium.chrome.ChromeDriver&#10;Capabilities {acceptInsecureCerts: false, browserName: chrome, browserVersion: 85.0.4183.121, chrome: {chromedriverVersion: 84.0.4147.30 (48b3e868b4cc0..., userDataDir: C:\Users\Waqas\AppData\Loca...}, goog:chromeOptions: {debuggerAddress: localhost:61674}, javascriptEnabled: true, networkConnectionEnabled: false, pageLoadStrategy: normal, platform: WINDOWS, platformName: WINDOWS, proxy: Proxy(), setWindowRect: true, strictFileInteractability: false, timeouts: {implicit: 0, pageLoad: 300000, script: 30000}, unhandledPromptBehavior: dismiss and notify, webauthn:virtualAuthenticators: true}&#10;Session ID: ad4e2fde2185bb2da101d37a870b3634&#10;*** Element info: {Using=xpath, value=//*[@id=&quot;liveForm&quot;]/div/div[2]/div[1]/div/div/div[2]/div/div/p/p/span/span/strong}" type="org.openqa.selenium.NoSuchElementException">
            <![CDATA[Given I on The Heart Fort Homepage..........................................passed
When I Click on FeedBack Web Element........................................passed
Then I Verify FeedBack page title...........................................failed

StackTrace:
org.openqa.selenium.NoSuchElementException: no such element: Unable to locate element: {"method":"xpath","selector":"//*[@id="liveForm"]/div/div[2]/div[1]/div/div/div[2]/div/div/p/p/span/span/strong"}
  (Session info: chrome=85.0.4183.121)
For documentation on this error, please visit: https://www.seleniumhq.org/exceptions/no_such_element.html
Build info: version: '3.141.59', revision: 'e82be7d358', time: '2018-11-14T08:17:03'
System info: host: 'WAQAS', ip: '192.168.1.166', os.name: 'Windows 10', os.arch: 'amd64', os.version: '10.0', java.version: '11.0.8'
Driver info: org.openqa.selenium.chrome.ChromeDriver
Capabilities {acceptInsecureCerts: false, browserName: chrome, browserVersion: 85.0.4183.121, chrome: {chromedriverVersion: 84.0.4147.30 (48b3e868b4cc0..., userDataDir: C:\Users\Waqas\AppData\Loca...}, goog:chromeOptions: {debuggerAddress: localhost:61674}, javascriptEnabled: true, networkConnectionEnabled: false, pageLoadStrategy: normal, platform: WINDOWS, platformName: WINDOWS, proxy: Proxy(), setWindowRect: true, strictFileInteractability: false, timeouts: {implicit: 0, pageLoad: 300000, script: 30000}, unhandledPromptBehavior: dismiss and notify, webauthn:virtualAuthenticators: true}
Session ID: ad4e2fde2185bb2da101d37a870b3634
*** Element info: {Using=xpath, value=//*[@id="liveForm"]/div/div[2]/div[1]/div/div/div[2]/div/div/p/p/span/span/strong}
	at java.base/jdk.internal.reflect.NativeConstructorAccessorImpl.newInstance0(Native Method)
	at java.base/jdk.internal.reflect.NativeConstructorAccessorImpl.newInstance(NativeConstructorAccessorImpl.java:62)
	at java.base/jdk.internal.reflect.DelegatingConstructorAccessorImpl.newInstance(DelegatingConstructorAccessorImpl.java:45)
	at java.base/java.lang.reflect.Constructor.newInstance(Constructor.java:490)
	at org.openqa.selenium.remote.http.W3CHttpResponseCodec.createException(W3CHttpResponseCodec.java:187)
	at org.openqa.selenium.remote.http.W3CHttpResponseCodec.decode(W3CHttpResponseCodec.java:122)
	at org.openqa.selenium.remote.http.W3CHttpResponseCodec.decode(W3CHttpResponseCodec.java:49)
	at org.openqa.selenium.remote.HttpCommandExecutor.execute(HttpCommandExecutor.java:158)
	at org.openqa.selenium.remote.service.DriverCommandExecutor.execute(DriverCommandExecutor.java:83)
	at org.openqa.selenium.remote.RemoteWebDriver.execute(RemoteWebDriver.java:552)
	at org.openqa.selenium.remote.RemoteWebDriver.findElement(RemoteWebDriver.java:323)
	at org.openqa.selenium.remote.RemoteWebDriver.findElementByXPath(RemoteWebDriver.java:428)
	at org.openqa.selenium.By$ByXPath.findElement(By.java:353)
	at org.openqa.selenium.remote.RemoteWebDriver.findElement(RemoteWebDriver.java:315)
	at org.openqa.selenium.support.pagefactory.DefaultElementLocator.findElement(DefaultElementLocator.java:69)
	at org.openqa.selenium.support.pagefactory.internal.LocatingElementHandler.invoke(LocatingElementHandler.java:38)
	at com.sun.proxy.$Proxy24.getText(Unknown Source)
	at base.CommonAPI.getTextByWebElement(CommonAPI.java:878)
	at search.Search.validateFeedBack(Search.java:374)
	at stepDefinitions.HomeStepDefinition.iVerifyFeedBackPageTitle(HomeStepDefinition.java:197)
	at ✽.I Verify FeedBack page title(file:///C:/Users/Waqas/IdeaProjects/BDDWebAutomationFramework_Team1/TheHartford/src/test/java/features/HomePage.feature:96)
]]>
        </failure>
    </testcase>
    <testcase classname="The Hartford Home Page Functionality Check" name="Check Car Insurance Web element is functional" time="7.708">
        <system-out>
            <![CDATA[Given I on The Heart Fort Homepage..........................................passed
When I Click on Car Insurance Web Element...................................passed
Then I Verify Car Insurance page title......................................passed
]]>
        </system-out>
    </testcase>
    <testcase classname="The Hartford Home Page Functionality Check" name="Check Car Insurance Web element is functional 2" time="5.759">
        <system-out>
            <![CDATA[Given I on The Heart Fort Homepage..........................................passed
When I Click on Car Insurance Web Element...................................passed
Then I Verify Car Insurance page title......................................passed
]]>
        </system-out>
    </testcase>
    <testcase classname="The Hartford Home Page Functionality Check" name="Check Home Insurance Web element is functional" time="5.987">
        <system-out>
            <![CDATA[Given I on The Heart Fort Homepage..........................................passed
When I Click on Home Insurance Web Element..................................passed
Then I Verify Home Insurance page title.....................................passed
]]>
        </system-out>
    </testcase>
</testsuite>
