<?xml version="1.0" encoding="UTF-8" standalone="no"?>
<testsuite errors="0" failures="0" name="io.cucumber.core.plugin.JUnitFormatter" skipped="0" tests="1" time="9.933">
    <testcase classname="The Hartford Home Page Functionality Check" name="Check Find Agent Web element is functional" time="9.621">
        <system-out>
            <![CDATA[Given I on The Heart Fort Homepage..........................................passed
When I Click on Find Agent Web Element......................................passed
Then I Verify Find Agent page title.........................................passed
]]>
        </system-out>
    </testcase>
</testsuite>
