<?xml version="1.0" encoding="UTF-8" standalone="no"?>
<testsuite errors="0" failures="9" name="io.cucumber.core.plugin.JUnitFormatter" skipped="0" tests="23" time="193.824">
    <testcase classname="The Hartford homepage tab functionality tests" name="Successful redirecting after clicking Car Insurance tab" time="18.755">
        <failure message="element not interactable&#10;  (Session info: chrome=85.0.4183.121)&#10;Build info: version: '3.141.59', revision: 'e82be7d358', time: '2018-11-14T08:17:03'&#10;System info: host: 'Farjanas-Air', ip: '2604:2000:1700:1c:aca7:63da:436f:f5a%en0', os.name: 'Mac OS X', os.arch: 'x86_64', os.version: '10.13.6', java.version: '11.0.6'&#10;Driver info: org.openqa.selenium.chrome.ChromeDriver&#10;Capabilities {acceptInsecureCerts: false, browserName: chrome, browserVersion: 85.0.4183.121, chrome: {chromedriverVersion: 85.0.4183.87 (cd6713ebf92fa..., userDataDir: /var/folders/27/nmfyzmzj1c7...}, goog:chromeOptions: {debuggerAddress: localhost:56544}, javascriptEnabled: true, networkConnectionEnabled: false, pageLoadStrategy: normal, platform: MAC, platformName: MAC, proxy: Proxy(), setWindowRect: true, strictFileInteractability: false, timeouts: {implicit: 0, pageLoad: 300000, script: 30000}, unhandledPromptBehavior: dismiss and notify, webauthn:virtualAuthenticators: true}&#10;Session ID: 8aa563eed9a7e726de8e005496a1c47c" type="org.openqa.selenium.ElementNotInteractableException">
            <![CDATA[Given User is in The Hartford homepage......................................passed
When User hover over auto tab...............................................passed
And clicks on Car Insurance tab.............................................failed
Then User is directed to Car Insurance page.................................skipped

StackTrace:
org.openqa.selenium.ElementNotInteractableException: element not interactable
  (Session info: chrome=85.0.4183.121)
Build info: version: '3.141.59', revision: 'e82be7d358', time: '2018-11-14T08:17:03'
System info: host: 'Farjanas-Air', ip: '2604:2000:1700:1c:aca7:63da:436f:f5a%en0', os.name: 'Mac OS X', os.arch: 'x86_64', os.version: '10.13.6', java.version: '11.0.6'
Driver info: org.openqa.selenium.chrome.ChromeDriver
Capabilities {acceptInsecureCerts: false, browserName: chrome, browserVersion: 85.0.4183.121, chrome: {chromedriverVersion: 85.0.4183.87 (cd6713ebf92fa..., userDataDir: /var/folders/27/nmfyzmzj1c7...}, goog:chromeOptions: {debuggerAddress: localhost:56544}, javascriptEnabled: true, networkConnectionEnabled: false, pageLoadStrategy: normal, platform: MAC, platformName: MAC, proxy: Proxy(), setWindowRect: true, strictFileInteractability: false, timeouts: {implicit: 0, pageLoad: 300000, script: 30000}, unhandledPromptBehavior: dismiss and notify, webauthn:virtualAuthenticators: true}
Session ID: 8aa563eed9a7e726de8e005496a1c47c
	at java.base/jdk.internal.reflect.NativeConstructorAccessorImpl.newInstance0(Native Method)
	at java.base/jdk.internal.reflect.NativeConstructorAccessorImpl.newInstance(NativeConstructorAccessorImpl.java:62)
	at java.base/jdk.internal.reflect.DelegatingConstructorAccessorImpl.newInstance(DelegatingConstructorAccessorImpl.java:45)
	at java.base/java.lang.reflect.Constructor.newInstance(Constructor.java:490)
	at org.openqa.selenium.remote.http.W3CHttpResponseCodec.createException(W3CHttpResponseCodec.java:187)
	at org.openqa.selenium.remote.http.W3CHttpResponseCodec.decode(W3CHttpResponseCodec.java:122)
	at org.openqa.selenium.remote.http.W3CHttpResponseCodec.decode(W3CHttpResponseCodec.java:49)
	at org.openqa.selenium.remote.HttpCommandExecutor.execute(HttpCommandExecutor.java:158)
	at org.openqa.selenium.remote.service.DriverCommandExecutor.execute(DriverCommandExecutor.java:83)
	at org.openqa.selenium.remote.RemoteWebDriver.execute(RemoteWebDriver.java:552)
	at org.openqa.selenium.remote.RemoteWebElement.execute(RemoteWebElement.java:285)
	at org.openqa.selenium.remote.RemoteWebElement.click(RemoteWebElement.java:84)
	at java.base/jdk.internal.reflect.NativeMethodAccessorImpl.invoke0(Native Method)
	at java.base/jdk.internal.reflect.NativeMethodAccessorImpl.invoke(NativeMethodAccessorImpl.java:62)
	at java.base/jdk.internal.reflect.DelegatingMethodAccessorImpl.invoke(DelegatingMethodAccessorImpl.java:43)
	at java.base/java.lang.reflect.Method.invoke(Method.java:566)
	at org.openqa.selenium.support.pagefactory.internal.LocatingElementHandler.invoke(LocatingElementHandler.java:51)
	at com.sun.proxy.$Proxy25.click(Unknown Source)
	at hfHomeByMobin.HFHomePageByMobin.checkCarInsuranceTab(HFHomePageByMobin.java:29)
	at stepDefinitions.HFHomePageByMobinStepDefinition.clicksOnCarInsuranceTab(HFHomePageByMobinStepDefinition.java:40)
	at ✽.clicks on Car Insurance tab(file:///Users/farjanamobin/IdeaProjects/BDDWebAutomationFramework_Team1/TheHartford/src/test/java/features/HFHomePageByMobin.feature:10)
]]>
        </failure>
    </testcase>
    <testcase classname="The Hartford homepage tab functionality tests" name="Successful redirecting after clicking Condo Insurance tab" time="17.188">
        <failure message="element not interactable&#10;  (Session info: chrome=85.0.4183.121)&#10;Build info: version: '3.141.59', revision: 'e82be7d358', time: '2018-11-14T08:17:03'&#10;System info: host: 'Farjanas-Air', ip: '2604:2000:1700:1c:aca7:63da:436f:f5a%en0', os.name: 'Mac OS X', os.arch: 'x86_64', os.version: '10.13.6', java.version: '11.0.6'&#10;Driver info: org.openqa.selenium.chrome.ChromeDriver&#10;Capabilities {acceptInsecureCerts: false, browserName: chrome, browserVersion: 85.0.4183.121, chrome: {chromedriverVersion: 85.0.4183.87 (cd6713ebf92fa..., userDataDir: /var/folders/27/nmfyzmzj1c7...}, goog:chromeOptions: {debuggerAddress: localhost:56678}, javascriptEnabled: true, networkConnectionEnabled: false, pageLoadStrategy: normal, platform: MAC, platformName: MAC, proxy: Proxy(), setWindowRect: true, strictFileInteractability: false, timeouts: {implicit: 0, pageLoad: 300000, script: 30000}, unhandledPromptBehavior: dismiss and notify, webauthn:virtualAuthenticators: true}&#10;Session ID: b5b2119a124ffd5f39bb4f195df2a0ee" type="org.openqa.selenium.ElementNotInteractableException">
            <![CDATA[Given User is in The Hartford homepage......................................passed
When User hover over Home tab...............................................passed
And clicks on Condo Insurance tab...........................................failed
Then User is directed to Condo Insurance page...............................skipped

StackTrace:
org.openqa.selenium.ElementNotInteractableException: element not interactable
  (Session info: chrome=85.0.4183.121)
Build info: version: '3.141.59', revision: 'e82be7d358', time: '2018-11-14T08:17:03'
System info: host: 'Farjanas-Air', ip: '2604:2000:1700:1c:aca7:63da:436f:f5a%en0', os.name: 'Mac OS X', os.arch: 'x86_64', os.version: '10.13.6', java.version: '11.0.6'
Driver info: org.openqa.selenium.chrome.ChromeDriver
Capabilities {acceptInsecureCerts: false, browserName: chrome, browserVersion: 85.0.4183.121, chrome: {chromedriverVersion: 85.0.4183.87 (cd6713ebf92fa..., userDataDir: /var/folders/27/nmfyzmzj1c7...}, goog:chromeOptions: {debuggerAddress: localhost:56678}, javascriptEnabled: true, networkConnectionEnabled: false, pageLoadStrategy: normal, platform: MAC, platformName: MAC, proxy: Proxy(), setWindowRect: true, strictFileInteractability: false, timeouts: {implicit: 0, pageLoad: 300000, script: 30000}, unhandledPromptBehavior: dismiss and notify, webauthn:virtualAuthenticators: true}
Session ID: b5b2119a124ffd5f39bb4f195df2a0ee
	at java.base/jdk.internal.reflect.NativeConstructorAccessorImpl.newInstance0(Native Method)
	at java.base/jdk.internal.reflect.NativeConstructorAccessorImpl.newInstance(NativeConstructorAccessorImpl.java:62)
	at java.base/jdk.internal.reflect.DelegatingConstructorAccessorImpl.newInstance(DelegatingConstructorAccessorImpl.java:45)
	at java.base/java.lang.reflect.Constructor.newInstance(Constructor.java:490)
	at org.openqa.selenium.remote.http.W3CHttpResponseCodec.createException(W3CHttpResponseCodec.java:187)
	at org.openqa.selenium.remote.http.W3CHttpResponseCodec.decode(W3CHttpResponseCodec.java:122)
	at org.openqa.selenium.remote.http.W3CHttpResponseCodec.decode(W3CHttpResponseCodec.java:49)
	at org.openqa.selenium.remote.HttpCommandExecutor.execute(HttpCommandExecutor.java:158)
	at org.openqa.selenium.remote.service.DriverCommandExecutor.execute(DriverCommandExecutor.java:83)
	at org.openqa.selenium.remote.RemoteWebDriver.execute(RemoteWebDriver.java:552)
	at org.openqa.selenium.remote.RemoteWebElement.execute(RemoteWebElement.java:285)
	at org.openqa.selenium.remote.RemoteWebElement.click(RemoteWebElement.java:84)
	at java.base/jdk.internal.reflect.NativeMethodAccessorImpl.invoke0(Native Method)
	at java.base/jdk.internal.reflect.NativeMethodAccessorImpl.invoke(NativeMethodAccessorImpl.java:62)
	at java.base/jdk.internal.reflect.DelegatingMethodAccessorImpl.invoke(DelegatingMethodAccessorImpl.java:43)
	at java.base/java.lang.reflect.Method.invoke(Method.java:566)
	at org.openqa.selenium.support.pagefactory.internal.LocatingElementHandler.invoke(LocatingElementHandler.java:51)
	at com.sun.proxy.$Proxy25.click(Unknown Source)
	at hfHomeByMobin.HFHomePageByMobin.checkCondoInsuranceTab(HFHomePageByMobin.java:44)
	at stepDefinitions.HFHomePageByMobinStepDefinition.clicksOnCondoInsuranceTab(HFHomePageByMobinStepDefinition.java:56)
	at ✽.clicks on Condo Insurance tab(file:///Users/farjanamobin/IdeaProjects/BDDWebAutomationFramework_Team1/TheHartford/src/test/java/features/HFHomePageByMobin.feature:17)
]]>
        </failure>
    </testcase>
    <testcase classname="The Hartford homepage tab functionality tests" name="Successful redirecting after clicking Business Insurance tab" time="8.209">
        <system-out>
            <![CDATA[Given User is in The Hartford homepage......................................passed
When User hover over Business tab...........................................passed
And clicks on Business Insurance tab........................................passed
Then User is directed to Business Insurance page............................passed
]]>
        </system-out>
    </testcase>
    <testcase classname="The Hartford homepage tab functionality tests" name="Successful redirecting after clicking for Employers tab" time="7.419">
        <system-out>
            <![CDATA[Given User is in The Hartford homepage......................................passed
When User hover over Employee Benifits tab..................................passed
And clicks on for Employers tab.............................................passed
Then User is directed to for Employers page.................................passed
]]>
        </system-out>
    </testcase>
    <testcase classname="The Hartford homepage tab functionality tests" name="Successful redirecting after clicking Newsroom tab" time="7.932">
        <system-out>
            <![CDATA[Given User is in The Hartford homepage......................................passed
When User hover over About tab..............................................passed
And clicks on Newsroom tab..................................................passed
Then User is directed to Newsroom page......................................passed
]]>
        </system-out>
    </testcase>
    <testcase classname="The Hartford Home Page Functionality Check" name="Check Find Agent Web element is functional" time="7.414">
        <system-out>
            <![CDATA[Given I on The Heart Fort Homepage..........................................passed
When I Click on Find Agent Web Element......................................passed
Then I Verify Find Agent page title.........................................passed
]]>
        </system-out>
    </testcase>
    <testcase classname="The Hartford Home Page Functionality Check" name="Check Home Web element is functional" time="7.371">
        <failure message="expected [Business, Home &amp; Car Insurance Quotes | The Hartford Insurance] but found []" type="java.lang.AssertionError">
            <![CDATA[Given I on The Heart Fort Homepage..........................................passed
When I Click on Home Web Element............................................passed
Then I Verify Home page title...............................................failed

StackTrace:
java.lang.AssertionError: expected [Business, Home & Car Insurance Quotes | The Hartford Insurance] but found []
	at org.testng.Assert.fail(Assert.java:97)
	at org.testng.Assert.assertEqualsImpl(Assert.java:136)
	at org.testng.Assert.assertEquals(Assert.java:118)
	at org.testng.Assert.assertEquals(Assert.java:575)
	at org.testng.Assert.assertEquals(Assert.java:585)
	at search.Search.validateSetHomeElementCheck(Search.java:137)
	at stepDefinitions.HomeStepDefinition.iVerifyHomePageTitle(HomeStepDefinition.java:83)
	at ✽.I Verify Home page title(file:///Users/farjanamobin/IdeaProjects/BDDWebAutomationFramework_Team1/TheHartford/src/test/java/features/HomePage.feature:26)
]]>
        </failure>
    </testcase>
    <testcase classname="The Hartford Home Page Functionality Check" name="Check Business Web element is functional" time="6.063">
        <failure message="expected [Business, Home &amp; Car Insurance Quotes | The Hartford Insurance] but found [Business Insurance | Insurance for Business Owners | The Hartford]" type="java.lang.AssertionError">
            <![CDATA[Given I on The Heart Fort Homepage..........................................passed
When I Click on Business Web Element........................................passed
Then I Verify Business page title...........................................failed

StackTrace:
java.lang.AssertionError: expected [Business, Home & Car Insurance Quotes | The Hartford Insurance] but found [Business Insurance | Insurance for Business Owners | The Hartford]
	at org.testng.Assert.fail(Assert.java:97)
	at org.testng.Assert.assertEqualsImpl(Assert.java:136)
	at org.testng.Assert.assertEquals(Assert.java:118)
	at org.testng.Assert.assertEquals(Assert.java:575)
	at org.testng.Assert.assertEquals(Assert.java:585)
	at search.Search.validateBusinessTab(Search.java:154)
	at stepDefinitions.HomeStepDefinition.iVerifyBusinessPageTitle(HomeStepDefinition.java:92)
	at ✽.I Verify Business page title(file:///Users/farjanamobin/IdeaProjects/BDDWebAutomationFramework_Team1/TheHartford/src/test/java/features/HomePage.feature:31)
]]>
        </failure>
    </testcase>
    <testcase classname="The Hartford Home Page Functionality Check" name="Check The HartFord Home Image Web element is functional" time="5.802">
        <failure message="expected [Business, Home &amp; Car Insurance Quotes | The Hartford Insurance] but found []" type="java.lang.AssertionError">
            <![CDATA[Given I on The Heart Fort Homepage..........................................passed
When I Click on The HartFord Home Image Web Element.........................passed
Then I Verify The HartFord Home Image page title............................failed

StackTrace:
java.lang.AssertionError: expected [Business, Home & Car Insurance Quotes | The Hartford Insurance] but found []
	at org.testng.Assert.fail(Assert.java:97)
	at org.testng.Assert.assertEqualsImpl(Assert.java:136)
	at org.testng.Assert.assertEquals(Assert.java:118)
	at org.testng.Assert.assertEquals(Assert.java:575)
	at org.testng.Assert.assertEquals(Assert.java:585)
	at search.Search.validateHartFordImage1(Search.java:186)
	at stepDefinitions.HomeStepDefinition.iVerifyTheHartFordHomeImagePageTitle(HomeStepDefinition.java:108)
	at ✽.I Verify The HartFord Home Image page title(file:///Users/farjanamobin/IdeaProjects/BDDWebAutomationFramework_Team1/TheHartford/src/test/java/features/HomePage.feature:41)
]]>
        </failure>
    </testcase>
    <testcase classname="The Hartford Home Page Functionality Check" name="Check About Us Web element is functional" time="13.811">
        <failure message="no such element: Unable to locate element: {&quot;method&quot;:&quot;xpath&quot;,&quot;selector&quot;:&quot;//a[@title='About Us']&quot;}&#10;  (Session info: chrome=85.0.4183.121)&#10;For documentation on this error, please visit: https://www.seleniumhq.org/exceptions/no_such_element.html&#10;Build info: version: '3.141.59', revision: 'e82be7d358', time: '2018-11-14T08:17:03'&#10;System info: host: 'Farjanas-Air', ip: '2604:2000:1700:1c:aca7:63da:436f:f5a%en0', os.name: 'Mac OS X', os.arch: 'x86_64', os.version: '10.13.6', java.version: '11.0.6'&#10;Driver info: org.openqa.selenium.chrome.ChromeDriver&#10;Capabilities {acceptInsecureCerts: false, browserName: chrome, browserVersion: 85.0.4183.121, chrome: {chromedriverVersion: 85.0.4183.87 (cd6713ebf92fa..., userDataDir: /var/folders/27/nmfyzmzj1c7...}, goog:chromeOptions: {debuggerAddress: localhost:57434}, javascriptEnabled: true, networkConnectionEnabled: false, pageLoadStrategy: normal, platform: MAC, platformName: MAC, proxy: Proxy(), setWindowRect: true, strictFileInteractability: false, timeouts: {implicit: 0, pageLoad: 300000, script: 30000}, unhandledPromptBehavior: dismiss and notify, webauthn:virtualAuthenticators: true}&#10;Session ID: d9ef0bd3507d0df721c74dc9f8eb1ee6&#10;*** Element info: {Using=xpath, value=//a[@title='About Us']}" type="org.openqa.selenium.NoSuchElementException">
            <![CDATA[Given I on The Heart Fort Homepage..........................................passed
When I Click on About Us Web Element........................................failed
Then I Verify TAbout Us page title..........................................skipped

StackTrace:
org.openqa.selenium.NoSuchElementException: no such element: Unable to locate element: {"method":"xpath","selector":"//a[@title='About Us']"}
  (Session info: chrome=85.0.4183.121)
For documentation on this error, please visit: https://www.seleniumhq.org/exceptions/no_such_element.html
Build info: version: '3.141.59', revision: 'e82be7d358', time: '2018-11-14T08:17:03'
System info: host: 'Farjanas-Air', ip: '2604:2000:1700:1c:aca7:63da:436f:f5a%en0', os.name: 'Mac OS X', os.arch: 'x86_64', os.version: '10.13.6', java.version: '11.0.6'
Driver info: org.openqa.selenium.chrome.ChromeDriver
Capabilities {acceptInsecureCerts: false, browserName: chrome, browserVersion: 85.0.4183.121, chrome: {chromedriverVersion: 85.0.4183.87 (cd6713ebf92fa..., userDataDir: /var/folders/27/nmfyzmzj1c7...}, goog:chromeOptions: {debuggerAddress: localhost:57434}, javascriptEnabled: true, networkConnectionEnabled: false, pageLoadStrategy: normal, platform: MAC, platformName: MAC, proxy: Proxy(), setWindowRect: true, strictFileInteractability: false, timeouts: {implicit: 0, pageLoad: 300000, script: 30000}, unhandledPromptBehavior: dismiss and notify, webauthn:virtualAuthenticators: true}
Session ID: d9ef0bd3507d0df721c74dc9f8eb1ee6
*** Element info: {Using=xpath, value=//a[@title='About Us']}
	at java.base/jdk.internal.reflect.NativeConstructorAccessorImpl.newInstance0(Native Method)
	at java.base/jdk.internal.reflect.NativeConstructorAccessorImpl.newInstance(NativeConstructorAccessorImpl.java:62)
	at java.base/jdk.internal.reflect.DelegatingConstructorAccessorImpl.newInstance(DelegatingConstructorAccessorImpl.java:45)
	at java.base/java.lang.reflect.Constructor.newInstance(Constructor.java:490)
	at org.openqa.selenium.remote.http.W3CHttpResponseCodec.createException(W3CHttpResponseCodec.java:187)
	at org.openqa.selenium.remote.http.W3CHttpResponseCodec.decode(W3CHttpResponseCodec.java:122)
	at org.openqa.selenium.remote.http.W3CHttpResponseCodec.decode(W3CHttpResponseCodec.java:49)
	at org.openqa.selenium.remote.HttpCommandExecutor.execute(HttpCommandExecutor.java:158)
	at org.openqa.selenium.remote.service.DriverCommandExecutor.execute(DriverCommandExecutor.java:83)
	at org.openqa.selenium.remote.RemoteWebDriver.execute(RemoteWebDriver.java:552)
	at org.openqa.selenium.remote.RemoteWebDriver.findElement(RemoteWebDriver.java:323)
	at org.openqa.selenium.remote.RemoteWebDriver.findElementByXPath(RemoteWebDriver.java:428)
	at org.openqa.selenium.By$ByXPath.findElement(By.java:353)
	at org.openqa.selenium.remote.RemoteWebDriver.findElement(RemoteWebDriver.java:315)
	at org.openqa.selenium.support.pagefactory.DefaultElementLocator.findElement(DefaultElementLocator.java:69)
	at org.openqa.selenium.support.pagefactory.internal.LocatingElementHandler.invoke(LocatingElementHandler.java:38)
	at com.sun.proxy.$Proxy25.click(Unknown Source)
	at search.Search.findAboutUs(Search.java:192)
	at stepDefinitions.HomeStepDefinition.iClickOnAboutUsWebElement(HomeStepDefinition.java:112)
	at ✽.I Click on About Us Web Element(file:///Users/farjanamobin/IdeaProjects/BDDWebAutomationFramework_Team1/TheHartford/src/test/java/features/HomePage.feature:45)
]]>
        </failure>
    </testcase>
    <testcase classname="The Hartford Home Page Functionality Check" name="Check Agent and Producers Web element is functional" time="4.729">
        <system-out>
            <![CDATA[Given I on The Heart Fort Homepage..........................................passed
When I Click on Agent and Producers Web Element.............................passed
Then I Verify Agent and Producers page title................................passed
]]>
        </system-out>
    </testcase>
    <testcase classname="The Hartford Home Page Functionality Check" name="Check Contact Us Web element is functional" time="4.844">
        <system-out>
            <![CDATA[Given I on The Heart Fort Homepage..........................................passed
When I Click on Contact Us Web Element......................................passed
Then I Verify Contact Us page title.........................................passed
]]>
        </system-out>
    </testcase>
    <testcase classname="The Hartford Home Page Functionality Check" name="Check Mobile App Web element is functional" time="5.167">
        <system-out>
            <![CDATA[Given I on The Heart Fort Homepage..........................................passed
When I Click on Mobile App Web Element......................................passed
Then I Verify Mobile App page title.........................................passed
]]>
        </system-out>
    </testcase>
    <testcase classname="The Hartford Home Page Functionality Check" name="Check Small Business Web element is functional" time="4.192">
        <system-out>
            <![CDATA[Given I on The Heart Fort Homepage..........................................passed
When I Click on Small Business Web Element..................................passed
Then I Verify MSmall Business page title....................................passed
]]>
        </system-out>
    </testcase>
    <testcase classname="The Hartford Home Page Functionality Check" name="Check Privacy Policy Web element is functional" time="4.795">
        <system-out>
            <![CDATA[Given I on The Heart Fort Homepage..........................................passed
When I Click on Privacy Policy Web Element..................................passed
Then I Verify Privacy Policy page title.....................................passed
]]>
        </system-out>
    </testcase>
    <testcase classname="The Hartford Home Page Functionality Check" name="Check Legal Notice Web element is functional" time="4.519">
        <system-out>
            <![CDATA[Given I on The Heart Fort Homepage..........................................passed
When I Click on Legal Notice Web Element....................................passed
Then I Verify Legal Notice page title.......................................passed
]]>
        </system-out>
    </testcase>
    <testcase classname="The Hartford Home Page Functionality Check" name="Check Accessibility Statement Web element is functional" time="4.526">
        <system-out>
            <![CDATA[Given I on The Heart Fort Homepage..........................................passed
When I Click on Accessibility Statement Web Element.........................passed
Then I Verify Accessibility Statement page title............................passed
]]>
        </system-out>
    </testcase>
    <testcase classname="The Hartford Home Page Functionality Check" name="Check Producers Compensations Web element is functional" time="5.379">
        <system-out>
            <![CDATA[Given I on The Heart Fort Homepage..........................................passed
When I Click on Producers Compensations Web Element.........................passed
Then I Verify Producers Compensations page title............................passed
]]>
        </system-out>
    </testcase>
    <testcase classname="The Hartford Home Page Functionality Check" name="Check EEO Web element is functional" time="4.202">
        <system-out>
            <![CDATA[Given I on The Heart Fort Homepage..........................................passed
When I Click on EEO Web Element.............................................passed
Then I Verify EEO page title................................................passed
]]>
        </system-out>
    </testcase>
    <testcase classname="The Hartford Home Page Functionality Check" name="Check FeedBack Web element is functional" time="15.865">
        <failure message="no such element: Unable to locate element: {&quot;method&quot;:&quot;xpath&quot;,&quot;selector&quot;:&quot;//*[@id=&quot;liveForm&quot;]/div/div[2]/div[1]/div/div/div[2]/div/div/p/p/span/span/strong&quot;}&#10;  (Session info: chrome=85.0.4183.121)&#10;For documentation on this error, please visit: https://www.seleniumhq.org/exceptions/no_such_element.html&#10;Build info: version: '3.141.59', revision: 'e82be7d358', time: '2018-11-14T08:17:03'&#10;System info: host: 'Farjanas-Air', ip: '2604:2000:1700:1c:aca7:63da:436f:f5a%en0', os.name: 'Mac OS X', os.arch: 'x86_64', os.version: '10.13.6', java.version: '11.0.6'&#10;Driver info: org.openqa.selenium.chrome.ChromeDriver&#10;Capabilities {acceptInsecureCerts: false, browserName: chrome, browserVersion: 85.0.4183.121, chrome: {chromedriverVersion: 85.0.4183.87 (cd6713ebf92fa..., userDataDir: /var/folders/27/nmfyzmzj1c7...}, goog:chromeOptions: {debuggerAddress: localhost:58136}, javascriptEnabled: true, networkConnectionEnabled: false, pageLoadStrategy: normal, platform: MAC, platformName: MAC, proxy: Proxy(), setWindowRect: true, strictFileInteractability: false, timeouts: {implicit: 0, pageLoad: 300000, script: 30000}, unhandledPromptBehavior: dismiss and notify, webauthn:virtualAuthenticators: true}&#10;Session ID: a15682168cfd06eb0cd75298f9061081&#10;*** Element info: {Using=xpath, value=//*[@id=&quot;liveForm&quot;]/div/div[2]/div[1]/div/div/div[2]/div/div/p/p/span/span/strong}" type="org.openqa.selenium.NoSuchElementException">
            <![CDATA[Given I on The Heart Fort Homepage..........................................passed
When I Click on FeedBack Web Element........................................passed
Then I Verify FeedBack page title...........................................failed

StackTrace:
org.openqa.selenium.NoSuchElementException: no such element: Unable to locate element: {"method":"xpath","selector":"//*[@id="liveForm"]/div/div[2]/div[1]/div/div/div[2]/div/div/p/p/span/span/strong"}
  (Session info: chrome=85.0.4183.121)
For documentation on this error, please visit: https://www.seleniumhq.org/exceptions/no_such_element.html
Build info: version: '3.141.59', revision: 'e82be7d358', time: '2018-11-14T08:17:03'
System info: host: 'Farjanas-Air', ip: '2604:2000:1700:1c:aca7:63da:436f:f5a%en0', os.name: 'Mac OS X', os.arch: 'x86_64', os.version: '10.13.6', java.version: '11.0.6'
Driver info: org.openqa.selenium.chrome.ChromeDriver
Capabilities {acceptInsecureCerts: false, browserName: chrome, browserVersion: 85.0.4183.121, chrome: {chromedriverVersion: 85.0.4183.87 (cd6713ebf92fa..., userDataDir: /var/folders/27/nmfyzmzj1c7...}, goog:chromeOptions: {debuggerAddress: localhost:58136}, javascriptEnabled: true, networkConnectionEnabled: false, pageLoadStrategy: normal, platform: MAC, platformName: MAC, proxy: Proxy(), setWindowRect: true, strictFileInteractability: false, timeouts: {implicit: 0, pageLoad: 300000, script: 30000}, unhandledPromptBehavior: dismiss and notify, webauthn:virtualAuthenticators: true}
Session ID: a15682168cfd06eb0cd75298f9061081
*** Element info: {Using=xpath, value=//*[@id="liveForm"]/div/div[2]/div[1]/div/div/div[2]/div/div/p/p/span/span/strong}
	at java.base/jdk.internal.reflect.NativeConstructorAccessorImpl.newInstance0(Native Method)
	at java.base/jdk.internal.reflect.NativeConstructorAccessorImpl.newInstance(NativeConstructorAccessorImpl.java:62)
	at java.base/jdk.internal.reflect.DelegatingConstructorAccessorImpl.newInstance(DelegatingConstructorAccessorImpl.java:45)
	at java.base/java.lang.reflect.Constructor.newInstance(Constructor.java:490)
	at org.openqa.selenium.remote.http.W3CHttpResponseCodec.createException(W3CHttpResponseCodec.java:187)
	at org.openqa.selenium.remote.http.W3CHttpResponseCodec.decode(W3CHttpResponseCodec.java:122)
	at org.openqa.selenium.remote.http.W3CHttpResponseCodec.decode(W3CHttpResponseCodec.java:49)
	at org.openqa.selenium.remote.HttpCommandExecutor.execute(HttpCommandExecutor.java:158)
	at org.openqa.selenium.remote.service.DriverCommandExecutor.execute(DriverCommandExecutor.java:83)
	at org.openqa.selenium.remote.RemoteWebDriver.execute(RemoteWebDriver.java:552)
	at org.openqa.selenium.remote.RemoteWebDriver.findElement(RemoteWebDriver.java:323)
	at org.openqa.selenium.remote.RemoteWebDriver.findElementByXPath(RemoteWebDriver.java:428)
	at org.openqa.selenium.By$ByXPath.findElement(By.java:353)
	at org.openqa.selenium.remote.RemoteWebDriver.findElement(RemoteWebDriver.java:315)
	at org.openqa.selenium.support.pagefactory.DefaultElementLocator.findElement(DefaultElementLocator.java:69)
	at org.openqa.selenium.support.pagefactory.internal.LocatingElementHandler.invoke(LocatingElementHandler.java:38)
	at com.sun.proxy.$Proxy25.getText(Unknown Source)
	at base.CommonAPI.getTextByWebElement(CommonAPI.java:878)
	at search.Search.validateFeedBack(Search.java:374)
	at stepDefinitions.HomeStepDefinition.iVerifyFeedBackPageTitle(HomeStepDefinition.java:197)
	at ✽.I Verify FeedBack page title(file:///Users/farjanamobin/IdeaProjects/BDDWebAutomationFramework_Team1/TheHartford/src/test/java/features/HomePage.feature:96)
]]>
        </failure>
    </testcase>
    <testcase classname="The Hartford Home Page Functionality Check" name="Check Car Insurance Web element is functional" time="14.429">
        <failure message="element not interactable&#10;  (Session info: chrome=85.0.4183.121)&#10;Build info: version: '3.141.59', revision: 'e82be7d358', time: '2018-11-14T08:17:03'&#10;System info: host: 'Farjanas-Air', ip: '2604:2000:1700:1c:aca7:63da:436f:f5a%en0', os.name: 'Mac OS X', os.arch: 'x86_64', os.version: '10.13.6', java.version: '11.0.6'&#10;Driver info: org.openqa.selenium.chrome.ChromeDriver&#10;Capabilities {acceptInsecureCerts: false, browserName: chrome, browserVersion: 85.0.4183.121, chrome: {chromedriverVersion: 85.0.4183.87 (cd6713ebf92fa..., userDataDir: /var/folders/27/nmfyzmzj1c7...}, goog:chromeOptions: {debuggerAddress: localhost:58259}, javascriptEnabled: true, networkConnectionEnabled: false, pageLoadStrategy: normal, platform: MAC, platformName: MAC, proxy: Proxy(), setWindowRect: true, strictFileInteractability: false, timeouts: {implicit: 0, pageLoad: 300000, script: 30000}, unhandledPromptBehavior: dismiss and notify, webauthn:virtualAuthenticators: true}&#10;Session ID: 95557ba41ace632a05e62bfcdb0bb0bc" type="org.openqa.selenium.ElementNotInteractableException">
            <![CDATA[Given I on The Heart Fort Homepage..........................................passed
When I Click on Car Insurance Web Element...................................failed
Then I Verify Car Insurance page title......................................skipped

StackTrace:
org.openqa.selenium.ElementNotInteractableException: element not interactable
  (Session info: chrome=85.0.4183.121)
Build info: version: '3.141.59', revision: 'e82be7d358', time: '2018-11-14T08:17:03'
System info: host: 'Farjanas-Air', ip: '2604:2000:1700:1c:aca7:63da:436f:f5a%en0', os.name: 'Mac OS X', os.arch: 'x86_64', os.version: '10.13.6', java.version: '11.0.6'
Driver info: org.openqa.selenium.chrome.ChromeDriver
Capabilities {acceptInsecureCerts: false, browserName: chrome, browserVersion: 85.0.4183.121, chrome: {chromedriverVersion: 85.0.4183.87 (cd6713ebf92fa..., userDataDir: /var/folders/27/nmfyzmzj1c7...}, goog:chromeOptions: {debuggerAddress: localhost:58259}, javascriptEnabled: true, networkConnectionEnabled: false, pageLoadStrategy: normal, platform: MAC, platformName: MAC, proxy: Proxy(), setWindowRect: true, strictFileInteractability: false, timeouts: {implicit: 0, pageLoad: 300000, script: 30000}, unhandledPromptBehavior: dismiss and notify, webauthn:virtualAuthenticators: true}
Session ID: 95557ba41ace632a05e62bfcdb0bb0bc
	at java.base/jdk.internal.reflect.NativeConstructorAccessorImpl.newInstance0(Native Method)
	at java.base/jdk.internal.reflect.NativeConstructorAccessorImpl.newInstance(NativeConstructorAccessorImpl.java:62)
	at java.base/jdk.internal.reflect.DelegatingConstructorAccessorImpl.newInstance(DelegatingConstructorAccessorImpl.java:45)
	at java.base/java.lang.reflect.Constructor.newInstance(Constructor.java:490)
	at org.openqa.selenium.remote.http.W3CHttpResponseCodec.createException(W3CHttpResponseCodec.java:187)
	at org.openqa.selenium.remote.http.W3CHttpResponseCodec.decode(W3CHttpResponseCodec.java:122)
	at org.openqa.selenium.remote.http.W3CHttpResponseCodec.decode(W3CHttpResponseCodec.java:49)
	at org.openqa.selenium.remote.HttpCommandExecutor.execute(HttpCommandExecutor.java:158)
	at org.openqa.selenium.remote.service.DriverCommandExecutor.execute(DriverCommandExecutor.java:83)
	at org.openqa.selenium.remote.RemoteWebDriver.execute(RemoteWebDriver.java:552)
	at org.openqa.selenium.remote.RemoteWebElement.execute(RemoteWebElement.java:285)
	at org.openqa.selenium.remote.RemoteWebElement.click(RemoteWebElement.java:84)
	at jdk.internal.reflect.GeneratedMethodAccessor116.invoke(Unknown Source)
	at java.base/jdk.internal.reflect.DelegatingMethodAccessorImpl.invoke(DelegatingMethodAccessorImpl.java:43)
	at java.base/java.lang.reflect.Method.invoke(Method.java:566)
	at org.openqa.selenium.support.pagefactory.internal.LocatingElementHandler.invoke(LocatingElementHandler.java:51)
	at com.sun.proxy.$Proxy25.click(Unknown Source)
	at search.Search.carInsuranceCheck(Search.java:385)
	at stepDefinitions.HomeStepDefinition.iClickOnCarInsuranceWebElement(HomeStepDefinition.java:201)
	at ✽.I Click on Car Insurance Web Element(file:///Users/farjanamobin/IdeaProjects/BDDWebAutomationFramework_Team1/TheHartford/src/test/java/features/HomePage.feature:100)
]]>
        </failure>
    </testcase>
    <testcase classname="The Hartford Home Page Functionality Check" name="Check Car Insurance Web element is functional 2" time="14.792">
        <failure message="element not interactable&#10;  (Session info: chrome=85.0.4183.121)&#10;Build info: version: '3.141.59', revision: 'e82be7d358', time: '2018-11-14T08:17:03'&#10;System info: host: 'Farjanas-Air', ip: '2604:2000:1700:1c:aca7:63da:436f:f5a%en0', os.name: 'Mac OS X', os.arch: 'x86_64', os.version: '10.13.6', java.version: '11.0.6'&#10;Driver info: org.openqa.selenium.chrome.ChromeDriver&#10;Capabilities {acceptInsecureCerts: false, browserName: chrome, browserVersion: 85.0.4183.121, chrome: {chromedriverVersion: 85.0.4183.87 (cd6713ebf92fa..., userDataDir: /var/folders/27/nmfyzmzj1c7...}, goog:chromeOptions: {debuggerAddress: localhost:58376}, javascriptEnabled: true, networkConnectionEnabled: false, pageLoadStrategy: normal, platform: MAC, platformName: MAC, proxy: Proxy(), setWindowRect: true, strictFileInteractability: false, timeouts: {implicit: 0, pageLoad: 300000, script: 30000}, unhandledPromptBehavior: dismiss and notify, webauthn:virtualAuthenticators: true}&#10;Session ID: 5d9e02592c2152e9fe4d0d132a56a02f" type="org.openqa.selenium.ElementNotInteractableException">
            <![CDATA[Given I on The Heart Fort Homepage..........................................passed
When I Click on Car Insurance Web Element...................................failed
Then I Verify Car Insurance page title......................................skipped

StackTrace:
org.openqa.selenium.ElementNotInteractableException: element not interactable
  (Session info: chrome=85.0.4183.121)
Build info: version: '3.141.59', revision: 'e82be7d358', time: '2018-11-14T08:17:03'
System info: host: 'Farjanas-Air', ip: '2604:2000:1700:1c:aca7:63da:436f:f5a%en0', os.name: 'Mac OS X', os.arch: 'x86_64', os.version: '10.13.6', java.version: '11.0.6'
Driver info: org.openqa.selenium.chrome.ChromeDriver
Capabilities {acceptInsecureCerts: false, browserName: chrome, browserVersion: 85.0.4183.121, chrome: {chromedriverVersion: 85.0.4183.87 (cd6713ebf92fa..., userDataDir: /var/folders/27/nmfyzmzj1c7...}, goog:chromeOptions: {debuggerAddress: localhost:58376}, javascriptEnabled: true, networkConnectionEnabled: false, pageLoadStrategy: normal, platform: MAC, platformName: MAC, proxy: Proxy(), setWindowRect: true, strictFileInteractability: false, timeouts: {implicit: 0, pageLoad: 300000, script: 30000}, unhandledPromptBehavior: dismiss and notify, webauthn:virtualAuthenticators: true}
Session ID: 5d9e02592c2152e9fe4d0d132a56a02f
	at java.base/jdk.internal.reflect.NativeConstructorAccessorImpl.newInstance0(Native Method)
	at java.base/jdk.internal.reflect.NativeConstructorAccessorImpl.newInstance(NativeConstructorAccessorImpl.java:62)
	at java.base/jdk.internal.reflect.DelegatingConstructorAccessorImpl.newInstance(DelegatingConstructorAccessorImpl.java:45)
	at java.base/java.lang.reflect.Constructor.newInstance(Constructor.java:490)
	at org.openqa.selenium.remote.http.W3CHttpResponseCodec.createException(W3CHttpResponseCodec.java:187)
	at org.openqa.selenium.remote.http.W3CHttpResponseCodec.decode(W3CHttpResponseCodec.java:122)
	at org.openqa.selenium.remote.http.W3CHttpResponseCodec.decode(W3CHttpResponseCodec.java:49)
	at org.openqa.selenium.remote.HttpCommandExecutor.execute(HttpCommandExecutor.java:158)
	at org.openqa.selenium.remote.service.DriverCommandExecutor.execute(DriverCommandExecutor.java:83)
	at org.openqa.selenium.remote.RemoteWebDriver.execute(RemoteWebDriver.java:552)
	at org.openqa.selenium.remote.RemoteWebElement.execute(RemoteWebElement.java:285)
	at org.openqa.selenium.remote.RemoteWebElement.click(RemoteWebElement.java:84)
	at jdk.internal.reflect.GeneratedMethodAccessor116.invoke(Unknown Source)
	at java.base/jdk.internal.reflect.DelegatingMethodAccessorImpl.invoke(DelegatingMethodAccessorImpl.java:43)
	at java.base/java.lang.reflect.Method.invoke(Method.java:566)
	at org.openqa.selenium.support.pagefactory.internal.LocatingElementHandler.invoke(LocatingElementHandler.java:51)
	at com.sun.proxy.$Proxy25.click(Unknown Source)
	at search.Search.carInsuranceCheck(Search.java:385)
	at stepDefinitions.HomeStepDefinition.iClickOnCarInsuranceWebElement(HomeStepDefinition.java:201)
	at ✽.I Click on Car Insurance Web Element(file:///Users/farjanamobin/IdeaProjects/BDDWebAutomationFramework_Team1/TheHartford/src/test/java/features/HomePage.feature:105)
]]>
        </failure>
    </testcase>
    <testcase classname="The Hartford Home Page Functionality Check" name="Check Home Insurance Web element is functional" time="5.239">
        <system-out>
            <![CDATA[Given I on The Heart Fort Homepage..........................................passed
When I Click on Home Insurance Web Element..................................passed
Then I Verify Home Insurance page title.....................................passed
]]>
        </system-out>
    </testcase>
</testsuite>
