-------------------------------------------------------------------------------
Test set: testRunner.TestRunner
-------------------------------------------------------------------------------
Tests run: 30, Failures: 18, Errors: 2, Skipped: 0, Time elapsed: 1,336.87 s <<< FAILURE! - in testRunner.TestRunner
Amazon Homepage Functionality Check.Customer Service Functionality Check  Time elapsed: 38.379 s  <<< FAILURE!
java.lang.AssertionError: 
failed expected [
Amazon.com Help: Help & Customer Service] but found [Amazon.com Help: Help & Customer Service]

Amazon Homepage Functionality Check.Todays Deal Functionality Check  Time elapsed: 28.991 s  <<< FAILURE!
java.lang.AssertionError: 
failed expected [

 Gold Box Deals | Today's Deals - Amazon.com
] but found [Gold Box Deals | Today's Deals - Amazon.com]

Amazon Homepage Functionality Check.Find a Gift Functionality Check  Time elapsed: 47.041 s  <<< FAILURE!
java.lang.AssertionError: failed expected [Gifts for Everyone | Amazon.com Gift Finder] but found [Amazon.com: Online Shopping for Electronics, Apparel, Computers, Books, DVDs & more]

Amazon Homepage Functionality Check.Whole Foods Functionality Check  Time elapsed: 38.398 s  <<< FAILURE!
java.lang.AssertionError: failed expected [Whole Foods Market @ Amazon.com] but found [Amazon.com: Whole Foods Market]

Amazon Homepage Functionality Check.Gift Cards Functionality Check  Time elapsed: 48.899 s  <<< FAILURE!
java.lang.AssertionError: failed expected [Amazon.com Gift Cards] but found [Amazon.com: Online Shopping for Electronics, Apparel, Computers, Books, DVDs & more]

Amazon Homepage Functionality Check.Free Shipping Functionality Check  Time elapsed: 46.865 s  <<< FAILURE!
java.lang.AssertionError: failed expected [Amazon.com: : FREE Shipping by Amazon] but found [Amazon.com: Online Shopping for Electronics, Apparel, Computers, Books, DVDs & more]

Amazon Homepage Functionality Check.Registry Functionality Check  Time elapsed: 58.514 s  <<< ERROR!
io.cucumber.junit.UndefinedStepException: 
The step "I validate the test9 by page title" is undefined. You can implement it using the snippet(s) below:

@Then("I validate the test9 by page title")
public void i_validate_the_test9_by_page_title() {
    // Write code here that turns the phrase above into concrete actions
    throw new io.cucumber.java.PendingException();
}


Amazon Homepage Functionality Check.Sell Functionality Check  Time elapsed: 58.653 s  <<< FAILURE!
java.lang.AssertionError: failed expected [Amazon.com: Sell Products Online with Selling on Amazon.] but found [Amazon.com: Online Shopping for Electronics, Apparel, Computers, Books, DVDs & more]

Amazon Homepage Functionality Check.Coupons Functionality Check  Time elapsed: 56.5 s  <<< FAILURE!
java.lang.AssertionError: failed expected [Amazon.com: Coupons] but found [Amazon.com: Online Shopping for Electronics, Apparel, Computers, Books, DVDs & more]

Amazon Homepage Functionality Check.Found It On Amazon Functionality Check  Time elapsed: 46.692 s  <<< FAILURE!
java.lang.AssertionError: failed expected [#FoundItOnAmazon] but found [Amazon.com: Online Shopping for Electronics, Apparel, Computers, Books, DVDs & more]

Amazon Homepage Functionality Check.Account Lists Functionality Check  Time elapsed: 47.319 s  <<< FAILURE!
java.lang.AssertionError: 
failed expected ["";
] but found [Amazon.com: Online Shopping for Electronics, Apparel, Computers, Books, DVDs & more]

Amazon Homepage Functionality Check.Orders Functionality Check  Time elapsed: 7.549 s  <<< FAILURE!
java.lang.AssertionError: failed expected [order:amazon] but found [Amazon Sign-In]

Amazon Homepage Functionality Check.Try Prime Functionality Check  Time elapsed: 60.666 s  <<< FAILURE!
java.lang.AssertionError: failed expected [Amazon.com: Amazon Prime] but found [Amazon.com: Online Shopping for Electronics, Apparel, Computers, Books, DVDs & more]

Amazon Homepage Functionality Check.Cart Functionality Check  Time elapsed: 43.038 s  <<< FAILURE!
java.lang.AssertionError: failed expected [Amazon.com Shopping Cart] but found [Change Language & Currency Settings]

Amazon Homepage Functionality Check.Select Your Address Functionality Check  Time elapsed: 32.729 s  <<< FAILURE!
java.lang.AssertionError: failed expected [negative testing] but found [Amazon.com: Online Shopping for Electronics, Apparel, Computers, Books, DVDs & more]

Amazon Homepage Functionality Check.Careers Functionality Check  Time elapsed: 60.778 s  <<< FAILURE!
java.lang.AssertionError: failed expected [Amazon.jobs: Help us build Earthâ€™s most customer-centric company.] but found [Amazon.jobs: Help us build Earth’s most customer-centric company.]

Amazon Homepage Functionality Check.Amazon Devices Functionality Check  Time elapsed: 64.964 s  <<< FAILURE!
java.lang.AssertionError: failed expected [Amazon Devices - Official Site - Kindle, Fire, Echo devices] but found [Amazon.com: Online Shopping for Electronics, Apparel, Computers, Books, DVDs & more]

Amazon Homepage Functionality Check.Sell On Amazon Functionality Check  Time elapsed: 53.542 s  <<< FAILURE!
java.lang.AssertionError: failed expected [Sell on Amazon | Build Your Ecommerce Business] but found [Amazon.com: Online Shopping for Electronics, Apparel, Computers, Books, DVDs & more]

Amazon Homepage Functionality Check.Shop With Points Functionality Check  Time elapsed: 50.407 s  <<< FAILURE!
java.lang.AssertionError: failed expected [Amazon.com: Credit & Payment Cards] but found [Amazon.com: Online Shopping for Electronics, Apparel, Computers, Books, DVDs & more]

Amazon Homepage Functionality Check.Credit Card Market Place Functionality Check  Time elapsed: 18.324 s  <<< ERROR!
io.cucumber.junit.UndefinedStepException: 
The step "I validate the test by30 page title" is undefined. You can implement it using the snippet(s) below:

@Then("I validate the test by30 page title")
public void i_validate_the_test_by30_page_title() {
    // Write code here that turns the phrase above into concrete actions
    throw new io.cucumber.java.PendingException();
}


