<?xml version="1.0" encoding="UTF-8" standalone="no"?>
<testsuite errors="0" failures="0" name="io.cucumber.core.plugin.JUnitFormatter" skipped="0" tests="1" time="9.139">
    <testcase classname="Amazon Sign In functionality check" name="Check that an alert message is displayed when user tries to login with an invalid phone number" time="8.512">
        <system-out>
            <![CDATA[Given I am on Amazon homepage...............................................passed
When I hover over 'Hello, Sign in' button...................................passed
And I click on 'Sign in' button under Hello, Sign in........................passed
And I enter an invalid "8399283899" on 'Email (phone for mobile accounts) field.passed
And I click on 'Continue' button below 'Email (phone for mobile accounts) field.passed
Then I verify that the "We cannot find an account with that mobile number" is displayed.passed
]]>
        </system-out>
    </testcase>
</testsuite>
