<?xml version="1.0" encoding="UTF-8" standalone="no"?>
<testsuite errors="0" failures="0" name="io.cucumber.core.plugin.JUnitFormatter" skipped="0" tests="1" time="7.986">
    <testcase classname="Amazon homepage functionality check" name="Check that Amazon homepage loads using title" time="7.491">
        <system-out>
            <![CDATA[Given I am on Amazon homepage...............................................passed
Then I verify Amazon homepage with title....................................passed
]]>
        </system-out>
    </testcase>
</testsuite>
