<?xml version="1.0" encoding="UTF-8" standalone="no"?>
<testsuite errors="0" failures="0" name="io.cucumber.core.plugin.JUnitFormatter" skipped="0" tests="1" time="25.953">
    <testcase classname="Amazon search functionality check" name="Amazon search field functionality check with valid data" time="25.812">
        <system-out><![CDATA[Given I am on Amazon homepage...............................................passed
And I enter "Hand Sanitizer" in search field................................passed
When I submit search field..................................................passed
Then I verify page title as "Amazon.ca : hand sanitizers"...................passed
]]></system-out>
    </testcase>
</testsuite>
