<?xml version="1.0" encoding="UTF-8" standalone="no"?>
<testsuite errors="0" failures="31" name="io.cucumber.core.plugin.JUnitFormatter" skipped="0" tests="31" time="1.554">
    <testcase classname="Amazon Homepage Functionality Check" name="Best Sellers Functionality Check" time="0.197">
        <failure message="The scenario has pending or undefined step(s)" type="java.lang.Exception">
            <![CDATA[Given I am on Amazon Homepage...............................................undefined
When I click on Best sellers a new page appears.............................skipped
Then I validate the test1 by page title.....................................skipped
]]>
        </failure>
    </testcase>
    <testcase classname="Amazon Homepage Functionality Check" name="Customer Service Functionality Check" time="0.013">
        <failure message="The scenario has pending or undefined step(s)" type="java.lang.Exception">
            <![CDATA[Given I am on Amazon Homepage...............................................undefined
When I click on Customer Service a new page appears.........................skipped
Then I validate the test2 by page title.....................................skipped
]]>
        </failure>
    </testcase>
    <testcase classname="Amazon Homepage Functionality Check" name="Todays Deal Functionality Check" time="0.016">
        <failure message="The scenario has pending or undefined step(s)" type="java.lang.Exception">
            <![CDATA[Given I am on Amazon Homepage...............................................undefined
When I click on Todays Deal a new page appears..............................skipped
Then I validate the test3 by page title.....................................skipped
]]>
        </failure>
    </testcase>
    <testcase classname="Amazon Homepage Functionality Check" name="New Releases Functionality Check" time="0.005">
        <failure message="The scenario has pending or undefined step(s)" type="java.lang.Exception">
            <![CDATA[Given I am on Amazon Homepage...............................................undefined
When I click on New Releases a new page appears.............................skipped
Then I validate the test4 by page title.....................................skipped
]]>
        </failure>
    </testcase>
    <testcase classname="Amazon Homepage Functionality Check" name="Find a Gift Functionality Check" time="0.003">
        <failure message="The scenario has pending or undefined step(s)" type="java.lang.Exception">
            <![CDATA[Given I am on Amazon Homepage...............................................undefined
When I click on Find a Gift a new page appears..............................skipped
Then I validate the test5 by page title.....................................skipped
]]>
        </failure>
    </testcase>
    <testcase classname="Amazon Homepage Functionality Check" name="Whole Foods Functionality Check" time="0.003">
        <failure message="The scenario has pending or undefined step(s)" type="java.lang.Exception">
            <![CDATA[Given I am on Amazon Homepage...............................................undefined
When I click on Whole Foods a new page appears..............................skipped
Then I validate the test6 by page title.....................................skipped
]]>
        </failure>
    </testcase>
    <testcase classname="Amazon Homepage Functionality Check" name="Gift Cards Functionality Check" time="0.012">
        <failure message="The scenario has pending or undefined step(s)" type="java.lang.Exception">
            <![CDATA[Given I am on Amazon Homepage...............................................undefined
When I click on Gift Cards a new page appears...............................skipped
Then I validate the test7 by page title.....................................skipped
]]>
        </failure>
    </testcase>
    <testcase classname="Amazon Homepage Functionality Check" name="Free Shipping Functionality Check" time="0.007">
        <failure message="The scenario has pending or undefined step(s)" type="java.lang.Exception">
            <![CDATA[Given I am on Amazon Homepage...............................................undefined
When I click on Free Shipping a new page appears............................skipped
Then I validate the test8 by page title.....................................skipped
]]>
        </failure>
    </testcase>
    <testcase classname="Amazon Homepage Functionality Check" name="Registry Functionality Check" time="0.005">
        <failure message="The scenario has pending or undefined step(s)" type="java.lang.Exception">
            <![CDATA[Given I am on Amazon Homepage...............................................undefined
When I click on Registry a new page appears.................................skipped
Then I validate the test9 by page title.....................................skipped
]]>
        </failure>
    </testcase>
    <testcase classname="Amazon Homepage Functionality Check" name="Sell Functionality Check" time="0.003">
        <failure message="The scenario has pending or undefined step(s)" type="java.lang.Exception">
            <![CDATA[Given I am on Amazon Homepage...............................................undefined
When I click on Sell a new page appears.....................................skipped
Then I validate the test10 by page title....................................skipped
]]>
        </failure>
    </testcase>
    <testcase classname="Amazon Homepage Functionality Check" name="Coupons Functionality Check" time="0.002">
        <failure message="The scenario has pending or undefined step(s)" type="java.lang.Exception">
            <![CDATA[Given I am on Amazon Homepage...............................................undefined
When I click on Coupons a new page appears..................................skipped
Then I validate the test11 by page title....................................skipped
]]>
        </failure>
    </testcase>
    <testcase classname="Amazon Homepage Functionality Check" name="Amazon Basics Functionality Check" time="0.003">
        <failure message="The scenario has pending or undefined step(s)" type="java.lang.Exception">
            <![CDATA[Given I am on Amazon Homepage...............................................undefined
When I click on Amazon Basics a new page appears............................skipped
Then I validate the test12 by page title....................................skipped
]]>
        </failure>
    </testcase>
    <testcase classname="Amazon Homepage Functionality Check" name="Found It On Amazon Functionality Check" time="0.012">
        <failure message="The scenario has pending or undefined step(s)" type="java.lang.Exception">
            <![CDATA[Given I am on Amazon Homepage...............................................undefined
When I click on Found It On Amazon a new page appears.......................skipped
Then I validate the test13 by page title....................................skipped
]]>
        </failure>
    </testcase>
    <testcase classname="Amazon Homepage Functionality Check" name="Account Lists Functionality Check" time="0.004">
        <failure message="The scenario has pending or undefined step(s)" type="java.lang.Exception">
            <![CDATA[Given I am on Amazon Homepage...............................................undefined
When I click on Account Lists a new page appears............................skipped
Then I validate the test14 by page title....................................skipped
]]>
        </failure>
    </testcase>
    <testcase classname="Amazon Homepage Functionality Check" name="Orders Functionality Check" time="0.013">
        <failure message="The scenario has pending or undefined step(s)" type="java.lang.Exception">
            <![CDATA[Given I am on Amazon Homepage...............................................undefined
When I click on Orders a new page appears...................................skipped
Then I validate the test15 by page title....................................skipped
]]>
        </failure>
    </testcase>
    <testcase classname="Amazon Homepage Functionality Check" name="Try Prime Functionality Check" time="0.016">
        <failure message="The scenario has pending or undefined step(s)" type="java.lang.Exception">
            <![CDATA[Given I am on Amazon Homepage...............................................undefined
When I click on Try Prime a new page appears................................skipped
Then I validate the test16 by page title....................................skipped
]]>
        </failure>
    </testcase>
    <testcase classname="Amazon Homepage Functionality Check" name="Cart Functionality Check" time="0.003">
        <failure message="The scenario has pending or undefined step(s)" type="java.lang.Exception">
            <![CDATA[Given I am on Amazon Homepage...............................................undefined
When I click on Cart a new page appears.....................................skipped
Then I validate the test17 by page title....................................skipped
]]>
        </failure>
    </testcase>
    <testcase classname="Amazon Homepage Functionality Check" name="Select Your Address Functionality Check" time="0.003">
        <failure message="The scenario has pending or undefined step(s)" type="java.lang.Exception">
            <![CDATA[Given I am on Amazon Homepage...............................................undefined
When I click on Select Your Address a new page appears......................skipped
Then I validate the test18 by page title....................................skipped
]]>
        </failure>
    </testcase>
    <testcase classname="Amazon Homepage Functionality Check" name="Careers Functionality Check" time="0.002">
        <failure message="The scenario has pending or undefined step(s)" type="java.lang.Exception">
            <![CDATA[Given I am on Amazon Homepage...............................................undefined
When I click on Careers a new page appears..................................skipped
Then I validate the test19 by page title....................................skipped
]]>
        </failure>
    </testcase>
    <testcase classname="Amazon Homepage Functionality Check" name="Blog Functionality Check" time="0.003">
        <failure message="The scenario has pending or undefined step(s)" type="java.lang.Exception">
            <![CDATA[Given I am on Amazon Homepage...............................................undefined
When I click on Blog a new page appears.....................................skipped
Then I validate the test20 by page title....................................skipped
]]>
        </failure>
    </testcase>
    <testcase classname="Amazon Homepage Functionality Check" name="Amazon Devices Functionality Check" time="0.008">
        <failure message="The scenario has pending or undefined step(s)" type="java.lang.Exception">
            <![CDATA[Given I am on Amazon Homepage...............................................undefined
When I click on Amazon Devices a new page appears...........................skipped
Then I validate the test21 by page title....................................skipped
]]>
        </failure>
    </testcase>
    <testcase classname="Amazon Homepage Functionality Check" name="Press Center Functionality Check" time="0.005">
        <failure message="The scenario has pending or undefined step(s)" type="java.lang.Exception">
            <![CDATA[Given I am on Amazon Homepage...............................................undefined
When I click on Press Center a new page appears.............................skipped
Then I validate the test22 by page title....................................skipped
]]>
        </failure>
    </testcase>
    <testcase classname="Amazon Homepage Functionality Check" name="Amazon Tours Functionality Check" time="0.003">
        <failure message="The scenario has pending or undefined step(s)" type="java.lang.Exception">
            <![CDATA[Given I am on Amazon Homepage...............................................undefined
When I click on Amazon Tours a new page appears.............................skipped
Then I validate the test23 by page title....................................skipped
]]>
        </failure>
    </testcase>
    <testcase classname="Amazon Homepage Functionality Check" name="Sell On Amazon Functionality Check" time="0.005">
        <failure message="The scenario has pending or undefined step(s)" type="java.lang.Exception">
            <![CDATA[Given I am on Amazon Homepage...............................................undefined
When I click on Sell On Amazon a new page appears...........................skipped
Then I validate the test24 by page title....................................skipped
]]>
        </failure>
    </testcase>
    <testcase classname="Amazon Homepage Functionality Check" name="Become Affiliate Functionality Check" time="0.004">
        <failure message="The scenario has pending or undefined step(s)" type="java.lang.Exception">
            <![CDATA[Given I am on Amazon Homepage...............................................undefined
When I click on Become Affiliate a new page appears.........................skipped
Then I validate the test25 by page title....................................skipped
]]>
        </failure>
    </testcase>
    <testcase classname="Amazon Homepage Functionality Check" name="Advertise Products Functionality Check" time="0.006">
        <failure message="The scenario has pending or undefined step(s)" type="java.lang.Exception">
            <![CDATA[Given I am on Amazon Homepage...............................................undefined
When I click on Advertise Products a new page appears.......................skipped
Then I validate the test26 by page title....................................skipped
]]>
        </failure>
    </testcase>
    <testcase classname="Amazon Homepage Functionality Check" name="Amazon Store Card Functionality Check" time="0.004">
        <failure message="The scenario has pending or undefined step(s)" type="java.lang.Exception">
            <![CDATA[Given I am on Amazon Homepage...............................................undefined
When I click on Amazon Store Card a new page appears........................skipped
Then I validate the test27 by page title....................................skipped
]]>
        </failure>
    </testcase>
    <testcase classname="Amazon Homepage Functionality Check" name="Shop With Points Functionality Check" time="0.003">
        <failure message="The scenario has pending or undefined step(s)" type="java.lang.Exception">
            <![CDATA[Given I am on Amazon Homepage...............................................undefined
When I click on Shop With Points a new page appears.........................skipped
Then I validate the test28 by page title....................................skipped
]]>
        </failure>
    </testcase>
    <testcase classname="Amazon Homepage Functionality Check" name="Currency Converter Functionality Check" time="0.021">
        <failure message="The scenario has pending or undefined step(s)" type="java.lang.Exception">
            <![CDATA[Given I am on Amazon Homepage...............................................undefined
When I click on Currency Converter a new page appears.......................skipped
Then I validate the test29 by page title....................................skipped
]]>
        </failure>
    </testcase>
    <testcase classname="Amazon Homepage Functionality Check" name="Credit Card Market Place Functionality Check" time="0.013">
        <failure message="The scenario has pending or undefined step(s)" type="java.lang.Exception">
            <![CDATA[Given I am on Amazon Homepage...............................................undefined
When I click on Credit Card Market Place a new page appears.................skipped
Then I validate the test by30 page title....................................skipped
]]>
        </failure>
    </testcase>
    <testcase classname="Amazon search functionality check" name="Amazon search field functionality check with valid data" time="0.031">
        <failure message="The scenario has pending or undefined step(s)" type="java.lang.Exception">
            <![CDATA[Given I am on Amazon homepage...............................................undefined
And I enter "Hand Sanitizer" in search field................................skipped
When I submit search field..................................................skipped
Then I verify page title as "Amazon.ca : hand sanitizers"...................skipped
]]>
        </failure>
    </testcase>
</testsuite>
