<?xml version="1.0" encoding="UTF-8" standalone="no"?>
<testsuite errors="0" failures="0" name="io.cucumber.core.plugin.JUnitFormatter" skipped="0" tests="1" time="10.244">
    <testcase classname="Amazon search functionality check" name="Amazon 'All' dropdown search functionality check with 'Computers' department" time="9.687">
        <system-out>
            <![CDATA[Given I am on Amazon homepage...............................................passed
When I select "Computers" from 'All' dropdown...............................passed
And I submit search field...................................................passed
Then I verify that I am in 'Computers' department with "Computers, Tablets and IT Accessories"..passed
]]>
        </system-out>
    </testcase>
</testsuite>
