<?xml version="1.0" encoding="UTF-8" standalone="no"?>
<testsuite errors="0" failures="16" name="io.cucumber.core.plugin.JUnitFormatter" skipped="0" tests="39" time="698.407">
    <testcase classname="Amazon cart functionality check" name="Check that user can add an item into the cart and verify it using 'Added to Cart' text" time="16.379">
        <system-out><![CDATA[Given I am on Amazon homepage...............................................passed
When I enter "WD 5TB My Passport" and submit in the search field............passed
And I click on the product 'WD 5TB My Passport Portable External Hard Drive, Black - WDBPKJ0050BBK-WESN'.passed
And I click on 'Add to Cart'................................................passed
Then I verify that the item has been added with 'Added to Cart' text........passed
]]></system-out>
    </testcase>
    <testcase classname="Amazon cart functionality check" name="Check that user can add an item into the cart by verifying that the item exists in the cart" time="6.891">
        <system-out><![CDATA[Given I am on Amazon homepage...............................................passed
When I enter "WD 5TB My Passport" and submit in the search field............passed
And I click on the product 'WD 5TB My Passport Portable External Hard Drive, Black - WDBPKJ0050BBK-WESN'.passed
And I click on 'Add to Cart'................................................passed
And I click on cart button..................................................passed
Then I verify that the item has been added by confirming that the item is displayed in the cart.passed
]]></system-out>
    </testcase>
    <testcase classname="Amazon cart functionality check" name="Check that user can delete an item from the cart by verifying that 'Your Amazon Cart is empty'" time="9.417">
        <system-out><![CDATA[Given I am on Amazon homepage...............................................passed
When I enter "WD 5TB My Passport" and submit in the search field............passed
And I click on the product 'WD 5TB My Passport Portable External Hard Drive, Black - WDBPKJ0050BBK-WESN'.passed
And I click on 'Add to Cart'................................................passed
And I click on cart button..................................................passed
And I click on 'Delete' button..............................................passed
Then I verify that the the text 'Your Amazon Cart is empty' is displayed....passed
]]></system-out>
    </testcase>
    <testcase classname="Amazon cart functionality check" name="Check that user can delete an item from the cart by verifying that 'Your Amazon Cart is empty' 2" time="58.063">
        <failure message="no such element: Unable to locate element: {&quot;method&quot;:&quot;css selector&quot;,&quot;selector&quot;:&quot;#add\-to\-cart\-button&quot;}&#10;  (Session info: chrome=85.0.4183.102)&#10;For documentation on this error, please visit: https://www.seleniumhq.org/exceptions/no_such_element.html&#10;Build info: version: '3.141.59', revision: 'e82be7d358', time: '2018-11-14T08:17:03'&#10;System info: host: 'MacBook-Pro-2.home', ip: 'fd4b:8d38:69ba:1:d589:642f:9551:4ca4%en0', os.name: 'Mac OS X', os.arch: 'x86_64', os.version: '10.15.6', java.version: '14.0.1'&#10;Driver info: org.openqa.selenium.chrome.ChromeDriver&#10;Capabilities {acceptInsecureCerts: false, browserName: chrome, browserVersion: 85.0.4183.102, chrome: {chromedriverVersion: 85.0.4183.87 (cd6713ebf92fa..., userDataDir: /var/folders/wz/dgqm41w90yg...}, goog:chromeOptions: {debuggerAddress: localhost:61833}, javascriptEnabled: true, networkConnectionEnabled: false, pageLoadStrategy: normal, platform: MAC, platformName: MAC, proxy: Proxy(), setWindowRect: true, strictFileInteractability: false, timeouts: {implicit: 0, pageLoad: 300000, script: 30000}, unhandledPromptBehavior: dismiss and notify, webauthn:virtualAuthenticators: true}&#10;Session ID: 9bdb7be320589a60e5c460619f08ab16&#10;*** Element info: {Using=id, value=add-to-cart-button}" type="org.openqa.selenium.NoSuchElementException"><![CDATA[Given I am on Amazon homepage...............................................passed
When I enter "WD 5TB My Passport" and submit in the search field............passed
And I click on the product 'WD 5TB My Passport Portable External Hard Drive, Black - WDBPKJ0050BBK-WESN'.passed
And I click on 'Add to Cart'................................................failed
And I navigate back to previous window......................................skipped
And I click on 'Add to Cart'................................................skipped
And I click on cart button..................................................skipped
Then I verify that for Subtotal "2 items" is displayed......................skipped

StackTrace:
org.openqa.selenium.NoSuchElementException: no such element: Unable to locate element: {"method":"css selector","selector":"#add\-to\-cart\-button"}
  (Session info: chrome=85.0.4183.102)
For documentation on this error, please visit: https://www.seleniumhq.org/exceptions/no_such_element.html
Build info: version: '3.141.59', revision: 'e82be7d358', time: '2018-11-14T08:17:03'
System info: host: 'MacBook-Pro-2.home', ip: 'fd4b:8d38:69ba:1:d589:642f:9551:4ca4%en0', os.name: 'Mac OS X', os.arch: 'x86_64', os.version: '10.15.6', java.version: '14.0.1'
Driver info: org.openqa.selenium.chrome.ChromeDriver
Capabilities {acceptInsecureCerts: false, browserName: chrome, browserVersion: 85.0.4183.102, chrome: {chromedriverVersion: 85.0.4183.87 (cd6713ebf92fa..., userDataDir: /var/folders/wz/dgqm41w90yg...}, goog:chromeOptions: {debuggerAddress: localhost:61833}, javascriptEnabled: true, networkConnectionEnabled: false, pageLoadStrategy: normal, platform: MAC, platformName: MAC, proxy: Proxy(), setWindowRect: true, strictFileInteractability: false, timeouts: {implicit: 0, pageLoad: 300000, script: 30000}, unhandledPromptBehavior: dismiss and notify, webauthn:virtualAuthenticators: true}
Session ID: 9bdb7be320589a60e5c460619f08ab16
*** Element info: {Using=id, value=add-to-cart-button}
	at java.base/jdk.internal.reflect.NativeConstructorAccessorImpl.newInstance0(Native Method)
	at java.base/jdk.internal.reflect.NativeConstructorAccessorImpl.newInstance(NativeConstructorAccessorImpl.java:62)
	at java.base/jdk.internal.reflect.DelegatingConstructorAccessorImpl.newInstance(DelegatingConstructorAccessorImpl.java:45)
	at java.base/java.lang.reflect.Constructor.newInstanceWithCaller(Constructor.java:500)
	at java.base/java.lang.reflect.Constructor.newInstance(Constructor.java:481)
	at org.openqa.selenium.remote.http.W3CHttpResponseCodec.createException(W3CHttpResponseCodec.java:187)
	at org.openqa.selenium.remote.http.W3CHttpResponseCodec.decode(W3CHttpResponseCodec.java:122)
	at org.openqa.selenium.remote.http.W3CHttpResponseCodec.decode(W3CHttpResponseCodec.java:49)
	at org.openqa.selenium.remote.HttpCommandExecutor.execute(HttpCommandExecutor.java:158)
	at org.openqa.selenium.remote.service.DriverCommandExecutor.execute(DriverCommandExecutor.java:83)
	at org.openqa.selenium.remote.RemoteWebDriver.execute(RemoteWebDriver.java:552)
	at org.openqa.selenium.remote.RemoteWebDriver.findElement(RemoteWebDriver.java:323)
	at org.openqa.selenium.remote.RemoteWebDriver.findElementById(RemoteWebDriver.java:372)
	at org.openqa.selenium.By$ById.findElement(By.java:188)
	at org.openqa.selenium.remote.RemoteWebDriver.findElement(RemoteWebDriver.java:315)
	at base.CommonAPI.clickOnElementByID(CommonAPI.java:241)
	at stepDefinitions.CartStepDefinition.i_click_on(CartStepDefinition.java:19)
	at ✽.I click on 'Add to Cart'(file:///Users/ramdaneameur/IdeaProjects/BDDWebAutomationFramework_Team1/Amazon/src/test/java/features/Cart.feature:7)
]]></failure>
    </testcase>
    <testcase classname="Amazon homepage functionality check" name="Check that Amazon homepage loads using title" time="2.202">
        <system-out><![CDATA[Given I am on Amazon homepage...............................................passed
Then I verify Amazon homepage with title....................................passed
]]></system-out>
    </testcase>
    <testcase classname="Amazon homepage functionality check" name="Check that 'Today's Deal' tab is functional using title" time="4.056">
        <failure message="expected:&lt;[International Shopping: Shop special offers and deals that ship internationally]&gt; but was:&lt;[Amazon.com Best Sellers: The most popular items on Amazon]&gt;" type="org.junit.ComparisonFailure"><![CDATA[Given I am on Amazon homepage...............................................passed
When I click on 'Today's Deal' tab..........................................passed
Then I verify 'Today's Deal' with title.....................................failed

StackTrace:
org.junit.ComparisonFailure: expected:<[International Shopping: Shop special offers and deals that ship internationally]> but was:<[Amazon.com Best Sellers: The most popular items on Amazon]>
	at org.junit.Assert.assertEquals(Assert.java:117)
	at org.junit.Assert.assertEquals(Assert.java:146)
	at base.CommonAPI.validateByTitle(CommonAPI.java:728)
	at stepDefinitions.HomeStepDefinition.i_verify_today_s_deal_with_title(HomeStepDefinition.java:39)
	at ✽.I verify 'Today's Deal' with title(file:///Users/ramdaneameur/IdeaProjects/BDDWebAutomationFramework_Team1/Amazon/src/test/java/features/Home.feature:13)
]]></failure>
    </testcase>
    <testcase classname="Amazon homepage functionality check" name="Check that 'Today's Deal' tab is functional using 'Deals and Promotions' text" time="33.629">
        <failure message="no such element: Unable to locate element: {&quot;method&quot;:&quot;css selector&quot;,&quot;selector&quot;:&quot;.\/\/b\[text\(\)\=\'Deals\ and\ Promotions\'\]&quot;}&#10;  (Session info: chrome=85.0.4183.102)&#10;For documentation on this error, please visit: https://www.seleniumhq.org/exceptions/no_such_element.html&#10;Build info: version: '3.141.59', revision: 'e82be7d358', time: '2018-11-14T08:17:03'&#10;System info: host: 'MacBook-Pro-2.home', ip: 'fd4b:8d38:69ba:1:d589:642f:9551:4ca4%en0', os.name: 'Mac OS X', os.arch: 'x86_64', os.version: '10.15.6', java.version: '14.0.1'&#10;Driver info: org.openqa.selenium.chrome.ChromeDriver&#10;Capabilities {acceptInsecureCerts: false, browserName: chrome, browserVersion: 85.0.4183.102, chrome: {chromedriverVersion: 85.0.4183.87 (cd6713ebf92fa..., userDataDir: /var/folders/wz/dgqm41w90yg...}, goog:chromeOptions: {debuggerAddress: localhost:62327}, javascriptEnabled: true, networkConnectionEnabled: false, pageLoadStrategy: normal, platform: MAC, platformName: MAC, proxy: Proxy(), setWindowRect: true, strictFileInteractability: false, timeouts: {implicit: 0, pageLoad: 300000, script: 30000}, unhandledPromptBehavior: dismiss and notify, webauthn:virtualAuthenticators: true}&#10;Session ID: 0c47363f868add5d828efcfea4515e21&#10;*** Element info: {Using=class name, value=//b[text()='Deals and Promotions']}" type="org.openqa.selenium.NoSuchElementException"><![CDATA[Given I am on Amazon homepage...............................................passed
When I click on 'Today's Deal' tab..........................................passed
Then I verify 'Today's Deal' with 'Deals and Promotions' text being displayed.failed

StackTrace:
org.openqa.selenium.NoSuchElementException: no such element: Unable to locate element: {"method":"css selector","selector":".\/\/b\[text\(\)\=\'Deals\ and\ Promotions\'\]"}
  (Session info: chrome=85.0.4183.102)
For documentation on this error, please visit: https://www.seleniumhq.org/exceptions/no_such_element.html
Build info: version: '3.141.59', revision: 'e82be7d358', time: '2018-11-14T08:17:03'
System info: host: 'MacBook-Pro-2.home', ip: 'fd4b:8d38:69ba:1:d589:642f:9551:4ca4%en0', os.name: 'Mac OS X', os.arch: 'x86_64', os.version: '10.15.6', java.version: '14.0.1'
Driver info: org.openqa.selenium.chrome.ChromeDriver
Capabilities {acceptInsecureCerts: false, browserName: chrome, browserVersion: 85.0.4183.102, chrome: {chromedriverVersion: 85.0.4183.87 (cd6713ebf92fa..., userDataDir: /var/folders/wz/dgqm41w90yg...}, goog:chromeOptions: {debuggerAddress: localhost:62327}, javascriptEnabled: true, networkConnectionEnabled: false, pageLoadStrategy: normal, platform: MAC, platformName: MAC, proxy: Proxy(), setWindowRect: true, strictFileInteractability: false, timeouts: {implicit: 0, pageLoad: 300000, script: 30000}, unhandledPromptBehavior: dismiss and notify, webauthn:virtualAuthenticators: true}
Session ID: 0c47363f868add5d828efcfea4515e21
*** Element info: {Using=class name, value=//b[text()='Deals and Promotions']}
	at java.base/jdk.internal.reflect.NativeConstructorAccessorImpl.newInstance0(Native Method)
	at java.base/jdk.internal.reflect.NativeConstructorAccessorImpl.newInstance(NativeConstructorAccessorImpl.java:62)
	at java.base/jdk.internal.reflect.DelegatingConstructorAccessorImpl.newInstance(DelegatingConstructorAccessorImpl.java:45)
	at java.base/java.lang.reflect.Constructor.newInstanceWithCaller(Constructor.java:500)
	at java.base/java.lang.reflect.Constructor.newInstance(Constructor.java:481)
	at org.openqa.selenium.remote.http.W3CHttpResponseCodec.createException(W3CHttpResponseCodec.java:187)
	at org.openqa.selenium.remote.http.W3CHttpResponseCodec.decode(W3CHttpResponseCodec.java:122)
	at org.openqa.selenium.remote.http.W3CHttpResponseCodec.decode(W3CHttpResponseCodec.java:49)
	at org.openqa.selenium.remote.HttpCommandExecutor.execute(HttpCommandExecutor.java:158)
	at org.openqa.selenium.remote.service.DriverCommandExecutor.execute(DriverCommandExecutor.java:83)
	at org.openqa.selenium.remote.RemoteWebDriver.execute(RemoteWebDriver.java:552)
	at org.openqa.selenium.remote.RemoteWebDriver.findElement(RemoteWebDriver.java:323)
	at org.openqa.selenium.remote.RemoteWebDriver.findElementByClassName(RemoteWebDriver.java:412)
	at org.openqa.selenium.By$ByClassName.findElement(By.java:389)
	at org.openqa.selenium.remote.RemoteWebDriver.findElement(RemoteWebDriver.java:315)
	at base.CommonAPI.elementIsDisplayed(CommonAPI.java:793)
	at stepDefinitions.HomeStepDefinition.i_verify_today_s_deal_with_deals_and_promotions_text_being_displayed(HomeStepDefinition.java:44)
	at ✽.I verify 'Today's Deal' with 'Deals and Promotions' text being displayed(file:///Users/ramdaneameur/IdeaProjects/BDDWebAutomationFramework_Team1/Amazon/src/test/java/features/Home.feature:18)
]]></failure>
    </testcase>
    <testcase classname="Amazon homepage functionality check" name="Check that 'Customer Service' tab is functional using title" time="3.426">
        <failure message="expected:&lt;...mazon.com Help: Help[]&gt; but was:&lt;...mazon.com Help: Help[ &amp; Customer Service]&gt;" type="org.junit.ComparisonFailure"><![CDATA[Given I am on Amazon homepage...............................................passed
When I click on 'Customer Service' tab......................................passed
Then I verify 'Customer Service' with with title............................failed
And I verify 'Customer Service' with 'Hello. What can we help you with?' text.skipped

StackTrace:
org.junit.ComparisonFailure: expected:<...mazon.com Help: Help[]> but was:<...mazon.com Help: Help[ & Customer Service]>
	at org.junit.Assert.assertEquals(Assert.java:117)
	at org.junit.Assert.assertEquals(Assert.java:146)
	at base.CommonAPI.validateByTitle(CommonAPI.java:728)
	at stepDefinitions.HomeStepDefinition.i_verify_with_with_title(HomeStepDefinition.java:54)
	at ✽.I verify 'Customer Service' with with title(file:///Users/ramdaneameur/IdeaProjects/BDDWebAutomationFramework_Team1/Amazon/src/test/java/features/Home.feature:23)
]]></failure>
    </testcase>
    <testcase classname="Amazon homepage functionality check" name="Check that 'Gift Cards' tab is functional using title and text" time="33.804">
        <failure message="expected:&lt;Amazon.com[ Gift Cards]&gt; but was:&lt;Amazon.com[: Online Shopping for Electronics, Apparel, Computers, Books, DVDs &amp; more]&gt;" type="org.junit.ComparisonFailure"><![CDATA[Given I am on Amazon homepage...............................................passed
When I click on Gift Cards tab..............................................passed
Then I verify Gift Cards tab with with title 'Amazon.com Gift Cards'........failed
And I verify Gift Cards with 'Hello. What can we help you with?' text.......skipped

StackTrace:
org.junit.ComparisonFailure: expected:<Amazon.com[ Gift Cards]> but was:<Amazon.com[: Online Shopping for Electronics, Apparel, Computers, Books, DVDs & more]>
	at org.junit.Assert.assertEquals(Assert.java:117)
	at org.junit.Assert.assertEquals(Assert.java:146)
	at base.CommonAPI.validateByTitle(CommonAPI.java:728)
	at stepDefinitions.HomeStepDefinition.i_verify_gift_cards_tab_with_with_title(HomeStepDefinition.java:69)
	at ✽.I verify Gift Cards tab with with title 'Amazon.com Gift Cards'(file:///Users/ramdaneameur/IdeaProjects/BDDWebAutomationFramework_Team1/Amazon/src/test/java/features/Home.feature:29)
]]></failure>
    </testcase>
    <testcase classname="Amazon homepage functionality check" name="Check that 'Registry' tab is functional using title" time="42.978">
        <failure message="expected:&lt;Amazon.com: [: Registry]&gt; but was:&lt;Amazon.com: [Online Shopping for Electronics, Apparel, Computers, Books, DVDs &amp; more]&gt;" type="org.junit.ComparisonFailure"><![CDATA[Given I am on Amazon homepage...............................................passed
When I click on Registry tab................................................passed
Then I verify Registry tab with with title 'Amazon.com: : Registry'.........failed

StackTrace:
org.junit.ComparisonFailure: expected:<Amazon.com: [: Registry]> but was:<Amazon.com: [Online Shopping for Electronics, Apparel, Computers, Books, DVDs & more]>
	at org.junit.Assert.assertEquals(Assert.java:117)
	at org.junit.Assert.assertEquals(Assert.java:146)
	at base.CommonAPI.validateByTitle(CommonAPI.java:728)
	at stepDefinitions.HomeStepDefinition.i_verify_registry_tab_with_with_title(HomeStepDefinition.java:84)
	at ✽.I verify Registry tab with with title 'Amazon.com: : Registry'(file:///Users/ramdaneameur/IdeaProjects/BDDWebAutomationFramework_Team1/Amazon/src/test/java/features/Home.feature:35)
]]></failure>
    </testcase>
    <testcase classname="Amazon homepage functionality check" name="Check that 'Sell' tab is functional using title" time="42.798">
        <failure message="expected:&lt;Amazon.com: [Sell Products Online with Selling on Amazon.]&gt; but was:&lt;Amazon.com: [Online Shopping for Electronics, Apparel, Computers, Books, DVDs &amp; more]&gt;" type="org.junit.ComparisonFailure"><![CDATA[Given I am on Amazon homepage...............................................passed
When I click on Sell tab....................................................passed
Then I verify Sell tab with with title 'Amazon.com: Sell Products Online with Selling on Amazon.'.failed
And I verify Sell tab with 'Become an Amazon seller' text...................skipped

StackTrace:
org.junit.ComparisonFailure: expected:<Amazon.com: [Sell Products Online with Selling on Amazon.]> but was:<Amazon.com: [Online Shopping for Electronics, Apparel, Computers, Books, DVDs & more]>
	at org.junit.Assert.assertEquals(Assert.java:117)
	at org.junit.Assert.assertEquals(Assert.java:146)
	at base.CommonAPI.validateByTitle(CommonAPI.java:728)
	at stepDefinitions.HomeStepDefinition.i_verify_sell_tab_with_with_title(HomeStepDefinition.java:94)
	at ✽.I verify Sell tab with with title 'Amazon.com: Sell Products Online with Selling on Amazon.'(file:///Users/ramdaneameur/IdeaProjects/BDDWebAutomationFramework_Team1/Amazon/src/test/java/features/Home.feature:40)
]]></failure>
    </testcase>
    <testcase classname="Amazon homepage functionality check" name="Check that 'Music' link is functional using URL and title" time="4.455">
        <system-out><![CDATA[Given I am on Amazon homepage...............................................passed
When I click on Music link..................................................passed
Then I verify Music link with with URL 'https://music.amazon.com/home?ref=dm_aff_amz_com'.passed
And I verify Music link with title 'Amazon Music Unlimited - Stream 60 million songs online now.'.passed
]]></system-out>
    </testcase>
    <testcase classname="Amazon homepage functionality check" name="Check that 'Advertise Your Product' link is functional using title, URL, and text" time="26.556">
        <failure message="invalid selector: An invalid or illegal selector was specified&#10;  (Session info: chrome=85.0.4183.102)&#10;For documentation on this error, please visit: https://www.seleniumhq.org/exceptions/invalid_selector_exception.html&#10;Build info: version: '3.141.59', revision: 'e82be7d358', time: '2018-11-14T08:17:03'&#10;System info: host: 'MacBook-Pro-2.home', ip: 'fd4b:8d38:69ba:1:d589:642f:9551:4ca4%en0', os.name: 'Mac OS X', os.arch: 'x86_64', os.version: '10.15.6', java.version: '14.0.1'&#10;Driver info: org.openqa.selenium.chrome.ChromeDriver&#10;Capabilities {acceptInsecureCerts: false, browserName: chrome, browserVersion: 85.0.4183.102, chrome: {chromedriverVersion: 85.0.4183.87 (cd6713ebf92fa..., userDataDir: /var/folders/wz/dgqm41w90yg...}, goog:chromeOptions: {debuggerAddress: localhost:63608}, javascriptEnabled: true, networkConnectionEnabled: false, pageLoadStrategy: normal, platform: MAC, platformName: MAC, proxy: Proxy(), setWindowRect: true, strictFileInteractability: false, timeouts: {implicit: 0, pageLoad: 300000, script: 30000}, unhandledPromptBehavior: dismiss and notify, webauthn:virtualAuthenticators: true}&#10;Session ID: 1cec91fa7c20e43a456b68ec719c4ea9&#10;*** Element info: {Using=name, value=//h1[text()='Advertise with intent']}" type="org.openqa.selenium.InvalidSelectorException"><![CDATA[Given I am on Amazon homepage...............................................passed
When I click on Advertise Your Product link.................................passed
Then I verify Advertise Your Product link with title 'Amazon Advertising: Online advertising on Amazon'.passed
And I verify Advertise Your Product link with URL 'https://advertising.amazon.com/'.passed
And I verify Advertise Your Product link with text 'Amazon Music Unlimited - Stream 60 million songs online now.'.failed

StackTrace:
org.openqa.selenium.InvalidSelectorException: invalid selector: An invalid or illegal selector was specified
  (Session info: chrome=85.0.4183.102)
For documentation on this error, please visit: https://www.seleniumhq.org/exceptions/invalid_selector_exception.html
Build info: version: '3.141.59', revision: 'e82be7d358', time: '2018-11-14T08:17:03'
System info: host: 'MacBook-Pro-2.home', ip: 'fd4b:8d38:69ba:1:d589:642f:9551:4ca4%en0', os.name: 'Mac OS X', os.arch: 'x86_64', os.version: '10.15.6', java.version: '14.0.1'
Driver info: org.openqa.selenium.chrome.ChromeDriver
Capabilities {acceptInsecureCerts: false, browserName: chrome, browserVersion: 85.0.4183.102, chrome: {chromedriverVersion: 85.0.4183.87 (cd6713ebf92fa..., userDataDir: /var/folders/wz/dgqm41w90yg...}, goog:chromeOptions: {debuggerAddress: localhost:63608}, javascriptEnabled: true, networkConnectionEnabled: false, pageLoadStrategy: normal, platform: MAC, platformName: MAC, proxy: Proxy(), setWindowRect: true, strictFileInteractability: false, timeouts: {implicit: 0, pageLoad: 300000, script: 30000}, unhandledPromptBehavior: dismiss and notify, webauthn:virtualAuthenticators: true}
Session ID: 1cec91fa7c20e43a456b68ec719c4ea9
*** Element info: {Using=name, value=//h1[text()='Advertise with intent']}
	at java.base/jdk.internal.reflect.NativeConstructorAccessorImpl.newInstance0(Native Method)
	at java.base/jdk.internal.reflect.NativeConstructorAccessorImpl.newInstance(NativeConstructorAccessorImpl.java:62)
	at java.base/jdk.internal.reflect.DelegatingConstructorAccessorImpl.newInstance(DelegatingConstructorAccessorImpl.java:45)
	at java.base/java.lang.reflect.Constructor.newInstanceWithCaller(Constructor.java:500)
	at java.base/java.lang.reflect.Constructor.newInstance(Constructor.java:481)
	at org.openqa.selenium.remote.http.W3CHttpResponseCodec.createException(W3CHttpResponseCodec.java:187)
	at org.openqa.selenium.remote.http.W3CHttpResponseCodec.decode(W3CHttpResponseCodec.java:122)
	at org.openqa.selenium.remote.http.W3CHttpResponseCodec.decode(W3CHttpResponseCodec.java:49)
	at org.openqa.selenium.remote.HttpCommandExecutor.execute(HttpCommandExecutor.java:158)
	at org.openqa.selenium.remote.service.DriverCommandExecutor.execute(DriverCommandExecutor.java:83)
	at org.openqa.selenium.remote.RemoteWebDriver.execute(RemoteWebDriver.java:552)
	at org.openqa.selenium.remote.RemoteWebDriver.findElement(RemoteWebDriver.java:323)
	at org.openqa.selenium.remote.RemoteWebDriver.findElementByName(RemoteWebDriver.java:404)
	at org.openqa.selenium.By$ByName.findElement(By.java:284)
	at org.openqa.selenium.remote.RemoteWebDriver.findElement(RemoteWebDriver.java:315)
	at base.CommonAPI.validateByText(CommonAPI.java:759)
	at stepDefinitions.HomeStepDefinition.i_verify_advertise_your_product_link_with_text(HomeStepDefinition.java:136)
	at ✽.I verify Advertise Your Product link with text 'Amazon Music Unlimited - Stream 60 million songs online now.'(file:///Users/ramdaneameur/IdeaProjects/BDDWebAutomationFramework_Team1/Amazon/src/test/java/features/Home.feature:54)
]]></failure>
    </testcase>
    <testcase classname="Amazon homepage functionality check" name="Check that user can navigate to 'Computers &amp; Tablets' page using 'Shop By Category' burger button" time="63.633">
        <failure message="invalid selector: An invalid or illegal selector was specified&#10;  (Session info: chrome=85.0.4183.102)&#10;For documentation on this error, please visit: https://www.seleniumhq.org/exceptions/invalid_selector_exception.html&#10;Build info: version: '3.141.59', revision: 'e82be7d358', time: '2018-11-14T08:17:03'&#10;System info: host: 'MacBook-Pro-2.home', ip: 'fd4b:8d38:69ba:1:d589:642f:9551:4ca4%en0', os.name: 'Mac OS X', os.arch: 'x86_64', os.version: '10.15.6', java.version: '14.0.1'&#10;Driver info: org.openqa.selenium.chrome.ChromeDriver&#10;Capabilities {acceptInsecureCerts: false, browserName: chrome, browserVersion: 85.0.4183.102, chrome: {chromedriverVersion: 85.0.4183.87 (cd6713ebf92fa..., userDataDir: /var/folders/wz/dgqm41w90yg...}, goog:chromeOptions: {debuggerAddress: localhost:63780}, javascriptEnabled: true, networkConnectionEnabled: false, pageLoadStrategy: normal, platform: MAC, platformName: MAC, proxy: Proxy(), setWindowRect: true, strictFileInteractability: false, timeouts: {implicit: 0, pageLoad: 300000, script: 30000}, unhandledPromptBehavior: dismiss and notify, webauthn:virtualAuthenticators: true}&#10;Session ID: 60467d4511c046e8c8d0053f4ab237cb&#10;*** Element info: {Using=name, value=//span[text()='ASUS']}" type="org.openqa.selenium.InvalidSelectorException"><![CDATA[Given I am on Amazon homepage...............................................passed
When I click on Shop By Category burger button..............................passed
And I click on Computers....................................................passed
And I click on Computers & Tablets..........................................passed
Then I verify Computers & Tablets page with ASUS on 'Featured Brand' selection.failed

StackTrace:
org.openqa.selenium.InvalidSelectorException: invalid selector: An invalid or illegal selector was specified
  (Session info: chrome=85.0.4183.102)
For documentation on this error, please visit: https://www.seleniumhq.org/exceptions/invalid_selector_exception.html
Build info: version: '3.141.59', revision: 'e82be7d358', time: '2018-11-14T08:17:03'
System info: host: 'MacBook-Pro-2.home', ip: 'fd4b:8d38:69ba:1:d589:642f:9551:4ca4%en0', os.name: 'Mac OS X', os.arch: 'x86_64', os.version: '10.15.6', java.version: '14.0.1'
Driver info: org.openqa.selenium.chrome.ChromeDriver
Capabilities {acceptInsecureCerts: false, browserName: chrome, browserVersion: 85.0.4183.102, chrome: {chromedriverVersion: 85.0.4183.87 (cd6713ebf92fa..., userDataDir: /var/folders/wz/dgqm41w90yg...}, goog:chromeOptions: {debuggerAddress: localhost:63780}, javascriptEnabled: true, networkConnectionEnabled: false, pageLoadStrategy: normal, platform: MAC, platformName: MAC, proxy: Proxy(), setWindowRect: true, strictFileInteractability: false, timeouts: {implicit: 0, pageLoad: 300000, script: 30000}, unhandledPromptBehavior: dismiss and notify, webauthn:virtualAuthenticators: true}
Session ID: 60467d4511c046e8c8d0053f4ab237cb
*** Element info: {Using=name, value=//span[text()='ASUS']}
	at java.base/jdk.internal.reflect.NativeConstructorAccessorImpl.newInstance0(Native Method)
	at java.base/jdk.internal.reflect.NativeConstructorAccessorImpl.newInstance(NativeConstructorAccessorImpl.java:62)
	at java.base/jdk.internal.reflect.DelegatingConstructorAccessorImpl.newInstance(DelegatingConstructorAccessorImpl.java:45)
	at java.base/java.lang.reflect.Constructor.newInstanceWithCaller(Constructor.java:500)
	at java.base/java.lang.reflect.Constructor.newInstance(Constructor.java:481)
	at org.openqa.selenium.remote.http.W3CHttpResponseCodec.createException(W3CHttpResponseCodec.java:187)
	at org.openqa.selenium.remote.http.W3CHttpResponseCodec.decode(W3CHttpResponseCodec.java:122)
	at org.openqa.selenium.remote.http.W3CHttpResponseCodec.decode(W3CHttpResponseCodec.java:49)
	at org.openqa.selenium.remote.HttpCommandExecutor.execute(HttpCommandExecutor.java:158)
	at org.openqa.selenium.remote.service.DriverCommandExecutor.execute(DriverCommandExecutor.java:83)
	at org.openqa.selenium.remote.RemoteWebDriver.execute(RemoteWebDriver.java:552)
	at org.openqa.selenium.remote.RemoteWebDriver.findElement(RemoteWebDriver.java:323)
	at org.openqa.selenium.remote.RemoteWebDriver.findElementByName(RemoteWebDriver.java:404)
	at org.openqa.selenium.By$ByName.findElement(By.java:284)
	at org.openqa.selenium.remote.RemoteWebDriver.findElement(RemoteWebDriver.java:315)
	at base.CommonAPI.validateByText(CommonAPI.java:759)
	at stepDefinitions.HomeStepDefinition.i_verify_computers_tablets_page_with_asus_on_selection(HomeStepDefinition.java:156)
	at ✽.I verify Computers & Tablets page with ASUS on 'Featured Brand' selection(file:///Users/ramdaneameur/IdeaProjects/BDDWebAutomationFramework_Team1/Amazon/src/test/java/features/Home.feature:61)
]]></failure>
    </testcase>
    <testcase classname="Amazon homepage functionality check" name="Check that user can navigate to 'Computers &amp; Tablets' page and select 'HP' from 'Featured Brands' selection." time="113.82">
        <failure message="no such element: Unable to locate element: {&quot;method&quot;:&quot;css selector&quot;,&quot;selector&quot;:&quot;.\/\/div\[\@id\=\'search\'\ and\ \/\/span\/text\(\)\=\'HP\'\]&quot;}&#10;  (Session info: chrome=85.0.4183.102)&#10;For documentation on this error, please visit: https://www.seleniumhq.org/exceptions/no_such_element.html&#10;Build info: version: '3.141.59', revision: 'e82be7d358', time: '2018-11-14T08:17:03'&#10;System info: host: 'MacBook-Pro-2.home', ip: 'fd4b:8d38:69ba:1:d589:642f:9551:4ca4%en0', os.name: 'Mac OS X', os.arch: 'x86_64', os.version: '10.15.6', java.version: '14.0.1'&#10;Driver info: org.openqa.selenium.chrome.ChromeDriver&#10;Capabilities {acceptInsecureCerts: false, browserName: chrome, browserVersion: 85.0.4183.102, chrome: {chromedriverVersion: 85.0.4183.87 (cd6713ebf92fa..., userDataDir: /var/folders/wz/dgqm41w90yg...}, goog:chromeOptions: {debuggerAddress: localhost:64207}, javascriptEnabled: true, networkConnectionEnabled: false, pageLoadStrategy: normal, platform: MAC, platformName: MAC, proxy: Proxy(), setWindowRect: true, strictFileInteractability: false, timeouts: {implicit: 0, pageLoad: 300000, script: 30000}, unhandledPromptBehavior: dismiss and notify, webauthn:virtualAuthenticators: true}&#10;Session ID: 220122c71990dddb017b7eeec649bbfb&#10;*** Element info: {Using=class name, value=//div[@id='search' and //span/text()='HP']}" type="org.openqa.selenium.NoSuchElementException"><![CDATA[Given I am on Amazon homepage...............................................passed
When I click on Shop By Category burger button..............................passed
And I click on Computers....................................................passed
And I click on Computers & Tablets..........................................passed
And I click on HP checkbox from Featured Brands selection...................passed
Then I verify that HP checkbox is selected..................................failed

StackTrace:
org.openqa.selenium.NoSuchElementException: no such element: Unable to locate element: {"method":"css selector","selector":".\/\/div\[\@id\=\'search\'\ and\ \/\/span\/text\(\)\=\'HP\'\]"}
  (Session info: chrome=85.0.4183.102)
For documentation on this error, please visit: https://www.seleniumhq.org/exceptions/no_such_element.html
Build info: version: '3.141.59', revision: 'e82be7d358', time: '2018-11-14T08:17:03'
System info: host: 'MacBook-Pro-2.home', ip: 'fd4b:8d38:69ba:1:d589:642f:9551:4ca4%en0', os.name: 'Mac OS X', os.arch: 'x86_64', os.version: '10.15.6', java.version: '14.0.1'
Driver info: org.openqa.selenium.chrome.ChromeDriver
Capabilities {acceptInsecureCerts: false, browserName: chrome, browserVersion: 85.0.4183.102, chrome: {chromedriverVersion: 85.0.4183.87 (cd6713ebf92fa..., userDataDir: /var/folders/wz/dgqm41w90yg...}, goog:chromeOptions: {debuggerAddress: localhost:64207}, javascriptEnabled: true, networkConnectionEnabled: false, pageLoadStrategy: normal, platform: MAC, platformName: MAC, proxy: Proxy(), setWindowRect: true, strictFileInteractability: false, timeouts: {implicit: 0, pageLoad: 300000, script: 30000}, unhandledPromptBehavior: dismiss and notify, webauthn:virtualAuthenticators: true}
Session ID: 220122c71990dddb017b7eeec649bbfb
*** Element info: {Using=class name, value=//div[@id='search' and //span/text()='HP']}
	at jdk.internal.reflect.GeneratedConstructorAccessor14.newInstance(Unknown Source)
	at java.base/jdk.internal.reflect.DelegatingConstructorAccessorImpl.newInstance(DelegatingConstructorAccessorImpl.java:45)
	at java.base/java.lang.reflect.Constructor.newInstanceWithCaller(Constructor.java:500)
	at java.base/java.lang.reflect.Constructor.newInstance(Constructor.java:481)
	at org.openqa.selenium.remote.http.W3CHttpResponseCodec.createException(W3CHttpResponseCodec.java:187)
	at org.openqa.selenium.remote.http.W3CHttpResponseCodec.decode(W3CHttpResponseCodec.java:122)
	at org.openqa.selenium.remote.http.W3CHttpResponseCodec.decode(W3CHttpResponseCodec.java:49)
	at org.openqa.selenium.remote.HttpCommandExecutor.execute(HttpCommandExecutor.java:158)
	at org.openqa.selenium.remote.service.DriverCommandExecutor.execute(DriverCommandExecutor.java:83)
	at org.openqa.selenium.remote.RemoteWebDriver.execute(RemoteWebDriver.java:552)
	at org.openqa.selenium.remote.RemoteWebDriver.findElement(RemoteWebDriver.java:323)
	at org.openqa.selenium.remote.RemoteWebDriver.findElementByClassName(RemoteWebDriver.java:412)
	at org.openqa.selenium.By$ByClassName.findElement(By.java:389)
	at org.openqa.selenium.remote.RemoteWebDriver.findElement(RemoteWebDriver.java:315)
	at base.CommonAPI.elementIsDisplayed(CommonAPI.java:793)
	at stepDefinitions.HomeStepDefinition.i_verify_that_hp_checkbox_is_selected(HomeStepDefinition.java:166)
	at ✽.I verify that HP checkbox is selected.(file:///Users/ramdaneameur/IdeaProjects/BDDWebAutomationFramework_Team1/Amazon/src/test/java/features/Home.feature:69)
]]></failure>
    </testcase>
    <testcase classname="Amazon Registration functionality check" name="Check that user can navigate to the Registration page using title" time="3.293">
        <system-out><![CDATA[Given I am on Amazon homepage...............................................passed
When I hover over 'Hello, Sign in' button...................................passed
And I click on 'Start here' link on homepage................................passed
Then I verify page "Amazon Registration"....................................passed
]]></system-out>
    </testcase>
    <testcase classname="Amazon Registration functionality check" name="Check that if user does not provide a name when registering, an alert message" time="3.799">
        <system-out><![CDATA[Given I am on Amazon homepage...............................................passed
When I hover over 'Hello, Sign in' button...................................passed
And I click on 'Start here' link on homepage................................passed
And I enter a random email address in the 'Email' field.....................passed
And I enter a random password in the 'Password' field.......................passed
And I Re-enter the password in the `Re-enter password` field................passed
And I click on 'Create you Amazon account' button on the Registration page..passed
Then I verify 'Enter your name' alert is displayed under `Your name` field..passed
]]></system-out>
    </testcase>
    <testcase classname="Amazon Registration functionality check" name="Check that if user does not provide a email when registering, an alert message" time="3.402">
        <system-out><![CDATA[Given I am on Amazon homepage...............................................passed
When I hover over 'Hello, Sign in' button...................................passed
And I click on 'Start here' link on homepage................................passed
And I enter a random 'name'.................................................passed
And I enter a random password in the 'Password' field.......................passed
And I Re-enter the password in the `Re-enter password` field................passed
And I click on 'Create you Amazon account' button on the Registration page..passed
Then I verify 'Enter your email' alert is displayed under `Email` field.....passed
]]></system-out>
    </testcase>
    <testcase classname="Amazon Registration functionality check" name="Check that if user does not provide a valid email format when registering, an alert message" time="3.342">
        <system-out><![CDATA[Given I am on Amazon homepage...............................................passed
When I hover over 'Hello, Sign in' button...................................passed
And I click on 'Start here' link on homepage................................passed
And I enter a random 'name'.................................................passed
And I enter an "invalid@email." address in the `Email` field................passed
And I enter a random password in the 'Password' field.......................passed
And I Re-enter the password in the `Re-enter password` field................passed
And I click on 'Create you Amazon account' button on the Registration page..passed
Then I verify "Enter a valid email address" is displayed under `Email` field.passed
]]></system-out>
    </testcase>
    <testcase classname="Amazon Registration functionality check" name="Check that if user does not provide a password when registering, an alert message" time="3.692">
        <system-out><![CDATA[Given I am on Amazon homepage...............................................passed
When I hover over 'Hello, Sign in' button...................................passed
And I click on 'Start here' link on homepage................................passed
And I enter a random 'name'.................................................passed
And I enter a random email address in the 'Email' field.....................passed
And I click on 'Create you Amazon account' button on the Registration page..passed
Then I verify "Enter your password" is displayed under `Password` field.....passed
]]></system-out>
    </testcase>
    <testcase classname="Amazon Registration functionality check" name="Check that if user does not re-enter a password when registering, an alert message" time="3.405">
        <system-out><![CDATA[Given I am on Amazon homepage...............................................passed
When I hover over 'Hello, Sign in' button...................................passed
And I click on 'Start here' link on homepage................................passed
And I enter a random 'name'.................................................passed
And I enter a random email address in the 'Email' field.....................passed
And I enter a random password in the 'Password' field.......................passed
And I click on 'Create you Amazon account' button on the Registration page..passed
Then I verify "Type your password again" is displayed under `Re-Enter password` field.passed
]]></system-out>
    </testcase>
    <testcase classname="Amazon Registration functionality check" name="Check that if user does not provide a password that is at least 6 characters long" time="4.159">
        <system-out><![CDATA[Given I am on Amazon homepage...............................................passed
When I hover over 'Hello, Sign in' button...................................passed
And I click on 'Start here' link on homepage................................passed
And I enter a random 'name'.................................................passed
And I enter a random email address in the 'Email' field.....................passed
And I enter a random five character long password in the 'Password' field...passed
And I click on 'Create you Amazon account' button on the Registration page..passed
Then I verify "Passwords must be at least 6 characters." is displayed under `Password` field for not meeting the password criteria.passed
And I verify "Type your password again" is displayed under `Re-Enter password` field.passed
]]></system-out>
    </testcase>
    <testcase classname="Amazon Registration functionality check" name="Check that if user tries to register with an email that already has been used to create an" time="4.774">
        <system-out><![CDATA[Given I am on Amazon homepage...............................................passed
When I hover over 'Hello, Sign in' button...................................passed
And I click on 'Start here' link on homepage................................passed
And I enter a random 'name'.................................................passed
And I enter an "ciara105@xhanimatedm.com" address that's already in use in the 'Email' field.passed
And I enter a random password in the 'Password' field.......................passed
And I Re-enter the password in the `Re-enter password` field................passed
And I click on 'Create you Amazon account' button on the Registration page..passed
Then I verify "Email address already in use" is displayed for proving an email address that's already in use.passed
]]></system-out>
    </testcase>
    <testcase classname="Amazon search functionality check" name="Amazon search field functionality check with one item using title" time="4.284">
        <failure message="expected:&lt;Amazon.com : [hand sanitizers]&gt; but was:&lt;Amazon.com : [Hand Sanitizer]&gt;" type="org.junit.ComparisonFailure"><![CDATA[Given I am on Amazon homepage...............................................passed
And I enter "Hand Sanitizer" in search field................................passed
When I submit search field..................................................passed
Then I verify page title as "Amazon.com : hand sanitizers"..................failed

StackTrace:
org.junit.ComparisonFailure: expected:<Amazon.com : [hand sanitizers]> but was:<Amazon.com : [Hand Sanitizer]>
	at org.junit.Assert.assertEquals(Assert.java:117)
	at org.junit.Assert.assertEquals(Assert.java:146)
	at base.CommonAPI.validateByTitle(CommonAPI.java:728)
	at stepDefinitions.SearchStepDefinition.i_verify_page_title_as(SearchStepDefinition.java:46)
	at ✽.I verify page title as "Amazon.com : hand sanitizers"(file:///Users/ramdaneameur/IdeaProjects/BDDWebAutomationFramework_Team1/Amazon/src/test/java/features/Search.feature:10)
]]></failure>
    </testcase>
    <testcase classname="Amazon search functionality check" name="Amazon search field functionality check with two items" time="5.089">
        <system-out><![CDATA[Given I am on Amazon homepage...............................................passed
When I enter "Matcha Green Tea" and submit in the search field..............passed
Then I verify items with "Amazon.com : Matcha Green Tea"....................passed
]]></system-out>
    </testcase>
    <testcase classname="Amazon search functionality check" name="Amazon search field functionality check with two items 2" time="3.659">
        <system-out><![CDATA[Given I am on Amazon homepage...............................................passed
When I enter "Rage Against The Machine" and submit in the search field......passed
Then I verify items with "Amazon.com : Rage Against The Machine"............passed
]]></system-out>
    </testcase>
    <testcase classname="Amazon search functionality check" name="Amazon 'All' dropdown search functionality check with 'Computers' department" time="34.274">
        <failure message="no such element: Unable to locate element: {&quot;method&quot;:&quot;css selector&quot;,&quot;selector&quot;:&quot;*[name='//*[@id=&quot;fst-hybrid-dynamic-h1&quot;]/div/h1/b']&quot;}&#10;  (Session info: chrome=85.0.4183.102)&#10;For documentation on this error, please visit: https://www.seleniumhq.org/exceptions/no_such_element.html&#10;Build info: version: '3.141.59', revision: 'e82be7d358', time: '2018-11-14T08:17:03'&#10;System info: host: 'MacBook-Pro-2.home', ip: 'fd4b:8d38:69ba:1:d589:642f:9551:4ca4%en0', os.name: 'Mac OS X', os.arch: 'x86_64', os.version: '10.15.6', java.version: '14.0.1'&#10;Driver info: org.openqa.selenium.chrome.ChromeDriver&#10;Capabilities {acceptInsecureCerts: false, browserName: chrome, browserVersion: 85.0.4183.102, chrome: {chromedriverVersion: 85.0.4183.87 (cd6713ebf92fa..., userDataDir: /var/folders/wz/dgqm41w90yg...}, goog:chromeOptions: {debuggerAddress: localhost:65486}, javascriptEnabled: true, networkConnectionEnabled: false, pageLoadStrategy: normal, platform: MAC, platformName: MAC, proxy: Proxy(), setWindowRect: true, strictFileInteractability: false, timeouts: {implicit: 0, pageLoad: 300000, script: 30000}, unhandledPromptBehavior: dismiss and notify, webauthn:virtualAuthenticators: true}&#10;Session ID: dc09b9ae9ceb7256f794b898496f9814&#10;*** Element info: {Using=name, value=//*[@id=&quot;fst-hybrid-dynamic-h1&quot;]/div/h1/b}" type="org.openqa.selenium.NoSuchElementException"><![CDATA[Given I am on Amazon homepage...............................................passed
When I select "Computers" from 'All' dropdown...............................passed
And I submit search field...................................................passed
Then I verify that I am in 'Computers' department with "Computers, Tablets and IT Accessories"..failed

StackTrace:
org.openqa.selenium.NoSuchElementException: no such element: Unable to locate element: {"method":"css selector","selector":"*[name='//*[@id="fst-hybrid-dynamic-h1"]/div/h1/b']"}
  (Session info: chrome=85.0.4183.102)
For documentation on this error, please visit: https://www.seleniumhq.org/exceptions/no_such_element.html
Build info: version: '3.141.59', revision: 'e82be7d358', time: '2018-11-14T08:17:03'
System info: host: 'MacBook-Pro-2.home', ip: 'fd4b:8d38:69ba:1:d589:642f:9551:4ca4%en0', os.name: 'Mac OS X', os.arch: 'x86_64', os.version: '10.15.6', java.version: '14.0.1'
Driver info: org.openqa.selenium.chrome.ChromeDriver
Capabilities {acceptInsecureCerts: false, browserName: chrome, browserVersion: 85.0.4183.102, chrome: {chromedriverVersion: 85.0.4183.87 (cd6713ebf92fa..., userDataDir: /var/folders/wz/dgqm41w90yg...}, goog:chromeOptions: {debuggerAddress: localhost:65486}, javascriptEnabled: true, networkConnectionEnabled: false, pageLoadStrategy: normal, platform: MAC, platformName: MAC, proxy: Proxy(), setWindowRect: true, strictFileInteractability: false, timeouts: {implicit: 0, pageLoad: 300000, script: 30000}, unhandledPromptBehavior: dismiss and notify, webauthn:virtualAuthenticators: true}
Session ID: dc09b9ae9ceb7256f794b898496f9814
*** Element info: {Using=name, value=//*[@id="fst-hybrid-dynamic-h1"]/div/h1/b}
	at jdk.internal.reflect.GeneratedConstructorAccessor14.newInstance(Unknown Source)
	at java.base/jdk.internal.reflect.DelegatingConstructorAccessorImpl.newInstance(DelegatingConstructorAccessorImpl.java:45)
	at java.base/java.lang.reflect.Constructor.newInstanceWithCaller(Constructor.java:500)
	at java.base/java.lang.reflect.Constructor.newInstance(Constructor.java:481)
	at org.openqa.selenium.remote.http.W3CHttpResponseCodec.createException(W3CHttpResponseCodec.java:187)
	at org.openqa.selenium.remote.http.W3CHttpResponseCodec.decode(W3CHttpResponseCodec.java:122)
	at org.openqa.selenium.remote.http.W3CHttpResponseCodec.decode(W3CHttpResponseCodec.java:49)
	at org.openqa.selenium.remote.HttpCommandExecutor.execute(HttpCommandExecutor.java:158)
	at org.openqa.selenium.remote.service.DriverCommandExecutor.execute(DriverCommandExecutor.java:83)
	at org.openqa.selenium.remote.RemoteWebDriver.execute(RemoteWebDriver.java:552)
	at org.openqa.selenium.remote.RemoteWebDriver.findElement(RemoteWebDriver.java:323)
	at org.openqa.selenium.remote.RemoteWebDriver.findElementByName(RemoteWebDriver.java:404)
	at org.openqa.selenium.By$ByName.findElement(By.java:284)
	at org.openqa.selenium.remote.RemoteWebDriver.findElement(RemoteWebDriver.java:315)
	at base.CommonAPI.validateByText(CommonAPI.java:759)
	at stepDefinitions.SearchStepDefinition.i_verify_that_i_am_in_department_with(SearchStepDefinition.java:66)
	at ✽.I verify that I am in 'Computers' department with "Computers, Tablets and IT Accessories".(file:///Users/ramdaneameur/IdeaProjects/BDDWebAutomationFramework_Team1/Amazon/src/test/java/features/Search.feature:25)
]]></failure>
    </testcase>
    <testcase classname="Amazon search functionality check" name="Amazon 'All' dropdown search functionality check by selecting each department and validating" time="33.643">
        <failure message="no such element: Unable to locate element: {&quot;method&quot;:&quot;css selector&quot;,&quot;selector&quot;:&quot;*[name='//*[@id=&quot;fst-hybrid-dynamic-h1&quot;]/div/h1/b']&quot;}&#10;  (Session info: chrome=85.0.4183.102)&#10;For documentation on this error, please visit: https://www.seleniumhq.org/exceptions/no_such_element.html&#10;Build info: version: '3.141.59', revision: 'e82be7d358', time: '2018-11-14T08:17:03'&#10;System info: host: 'MacBook-Pro-2.home', ip: 'fd4b:8d38:69ba:1:d589:642f:9551:4ca4%en0', os.name: 'Mac OS X', os.arch: 'x86_64', os.version: '10.15.6', java.version: '14.0.1'&#10;Driver info: org.openqa.selenium.chrome.ChromeDriver&#10;Capabilities {acceptInsecureCerts: false, browserName: chrome, browserVersion: 85.0.4183.102, chrome: {chromedriverVersion: 85.0.4183.87 (cd6713ebf92fa..., userDataDir: /var/folders/wz/dgqm41w90yg...}, goog:chromeOptions: {debuggerAddress: localhost:49364}, javascriptEnabled: true, networkConnectionEnabled: false, pageLoadStrategy: normal, platform: MAC, platformName: MAC, proxy: Proxy(), setWindowRect: true, strictFileInteractability: false, timeouts: {implicit: 0, pageLoad: 300000, script: 30000}, unhandledPromptBehavior: dismiss and notify, webauthn:virtualAuthenticators: true}&#10;Session ID: 670242c5fddd14907e3eee0238e11ff8&#10;*** Element info: {Using=name, value=//*[@id=&quot;fst-hybrid-dynamic-h1&quot;]/div/h1/b}" type="org.openqa.selenium.NoSuchElementException"><![CDATA[Given I am on Amazon homepage...............................................passed
When I select "Computers" from 'All' dropdown...............................passed
And I submit search field...................................................passed
Then I verify that I am in 'Computers' department with "Computers, Tablets and IT Accessories"..failed

StackTrace:
org.openqa.selenium.NoSuchElementException: no such element: Unable to locate element: {"method":"css selector","selector":"*[name='//*[@id="fst-hybrid-dynamic-h1"]/div/h1/b']"}
  (Session info: chrome=85.0.4183.102)
For documentation on this error, please visit: https://www.seleniumhq.org/exceptions/no_such_element.html
Build info: version: '3.141.59', revision: 'e82be7d358', time: '2018-11-14T08:17:03'
System info: host: 'MacBook-Pro-2.home', ip: 'fd4b:8d38:69ba:1:d589:642f:9551:4ca4%en0', os.name: 'Mac OS X', os.arch: 'x86_64', os.version: '10.15.6', java.version: '14.0.1'
Driver info: org.openqa.selenium.chrome.ChromeDriver
Capabilities {acceptInsecureCerts: false, browserName: chrome, browserVersion: 85.0.4183.102, chrome: {chromedriverVersion: 85.0.4183.87 (cd6713ebf92fa..., userDataDir: /var/folders/wz/dgqm41w90yg...}, goog:chromeOptions: {debuggerAddress: localhost:49364}, javascriptEnabled: true, networkConnectionEnabled: false, pageLoadStrategy: normal, platform: MAC, platformName: MAC, proxy: Proxy(), setWindowRect: true, strictFileInteractability: false, timeouts: {implicit: 0, pageLoad: 300000, script: 30000}, unhandledPromptBehavior: dismiss and notify, webauthn:virtualAuthenticators: true}
Session ID: 670242c5fddd14907e3eee0238e11ff8
*** Element info: {Using=name, value=//*[@id="fst-hybrid-dynamic-h1"]/div/h1/b}
	at jdk.internal.reflect.GeneratedConstructorAccessor14.newInstance(Unknown Source)
	at java.base/jdk.internal.reflect.DelegatingConstructorAccessorImpl.newInstance(DelegatingConstructorAccessorImpl.java:45)
	at java.base/java.lang.reflect.Constructor.newInstanceWithCaller(Constructor.java:500)
	at java.base/java.lang.reflect.Constructor.newInstance(Constructor.java:481)
	at org.openqa.selenium.remote.http.W3CHttpResponseCodec.createException(W3CHttpResponseCodec.java:187)
	at org.openqa.selenium.remote.http.W3CHttpResponseCodec.decode(W3CHttpResponseCodec.java:122)
	at org.openqa.selenium.remote.http.W3CHttpResponseCodec.decode(W3CHttpResponseCodec.java:49)
	at org.openqa.selenium.remote.HttpCommandExecutor.execute(HttpCommandExecutor.java:158)
	at org.openqa.selenium.remote.service.DriverCommandExecutor.execute(DriverCommandExecutor.java:83)
	at org.openqa.selenium.remote.RemoteWebDriver.execute(RemoteWebDriver.java:552)
	at org.openqa.selenium.remote.RemoteWebDriver.findElement(RemoteWebDriver.java:323)
	at org.openqa.selenium.remote.RemoteWebDriver.findElementByName(RemoteWebDriver.java:404)
	at org.openqa.selenium.By$ByName.findElement(By.java:284)
	at org.openqa.selenium.remote.RemoteWebDriver.findElement(RemoteWebDriver.java:315)
	at base.CommonAPI.validateByText(CommonAPI.java:759)
	at stepDefinitions.SearchStepDefinition.i_verify_that_i_am_in_department_with(SearchStepDefinition.java:66)
	at ✽.I verify that I am in 'Computers' department with "Computers, Tablets and IT Accessories".(file:///Users/ramdaneameur/IdeaProjects/BDDWebAutomationFramework_Team1/Amazon/src/test/java/features/Search.feature:35)
]]></failure>
    </testcase>
    <testcase classname="Amazon Sign In functionality check" name="Check that user can navigate from homepage to Sign In page using title" time="3.344">
        <system-out><![CDATA[Given I am on Amazon homepage...............................................passed
When I hover over 'Hello, Sign in' button...................................passed
And I click on 'Sign in' button under Hello, Sign in........................passed
Then I verify page title as "Amazon Sign-In"................................passed
]]></system-out>
    </testcase>
    <testcase classname="Amazon Sign In functionality check" name="Check that an alert message is displayed when user tries to login with an invalid email" time="5.524">
        <system-out><![CDATA[Given I am on Amazon homepage...............................................passed
When I hover over 'Hello, Sign in' button...................................passed
And I click on 'Sign in' button under Hello, Sign in........................passed
And I enter an invalid "invalidEmail@invalidEmail.com" on 'Email (phone for mobile accounts) field.passed
And I click on 'Continue' button below 'Email (phone for mobile accounts) field.passed
Then I verify that the "We cannot find an account with that email address" is displayed.passed
]]></system-out>
    </testcase>
    <testcase classname="Amazon Sign In functionality check" name="Check that an alert message is displayed when user tries to login with an invalid phone number" time="5.645">
        <system-out><![CDATA[Given I am on Amazon homepage...............................................passed
When I hover over 'Hello, Sign in' button...................................passed
And I click on 'Sign in' button under Hello, Sign in........................passed
And I enter an invalid "8399283899" on 'Email (phone for mobile accounts) field.passed
And I click on 'Continue' button below 'Email (phone for mobile accounts) field.passed
Then I verify that the "We cannot find an account with that mobile number" is displayed.passed
]]></system-out>
    </testcase>
    <testcase classname="Amazon Sign In functionality check" name="Check that an alert message is displayed when user tries to login with an invalid password" time="9.092">
        <system-out><![CDATA[Given I am on Amazon homepage...............................................passed
When I hover over 'Hello, Sign in' button...................................passed
And I click on 'Sign in' button under Hello, Sign in........................passed
And I enter a valid "ciara105@xhanimatedm.com" on 'Email (phone for mobile accounts) field.passed
And I click on 'Continue' button below 'Email (phone for mobile accounts) field.passed
And I enter an invalid "InvalidPass123!" on the 'Password' field............passed
And I click on 'Sign-in' button after password..............................passed
Then I verify that the "Your password is incorrect" or "To better protect your account, please re-enter your password and then enter the characters as they are shown in the image below." is displayed.passed
]]></system-out>
    </testcase>
    <testcase classname="Amazon Sign In functionality check" name="Check that an user can successfully log into Amazon" time="20.244">
        <failure message="no such element: Unable to locate element: {&quot;method&quot;:&quot;css selector&quot;,&quot;selector&quot;:&quot;.nav\-shortened\-name&quot;}&#10;  (Session info: chrome=85.0.4183.102)&#10;For documentation on this error, please visit: https://www.seleniumhq.org/exceptions/no_such_element.html&#10;Build info: version: '3.141.59', revision: 'e82be7d358', time: '2018-11-14T08:17:03'&#10;System info: host: 'MacBook-Pro-2.home', ip: 'fd4b:8d38:69ba:1:d589:642f:9551:4ca4%en0', os.name: 'Mac OS X', os.arch: 'x86_64', os.version: '10.15.6', java.version: '14.0.1'&#10;Driver info: org.openqa.selenium.chrome.ChromeDriver&#10;Capabilities {acceptInsecureCerts: false, browserName: chrome, browserVersion: 85.0.4183.102, chrome: {chromedriverVersion: 85.0.4183.87 (cd6713ebf92fa..., userDataDir: /var/folders/wz/dgqm41w90yg...}, goog:chromeOptions: {debuggerAddress: localhost:49881}, javascriptEnabled: true, networkConnectionEnabled: false, pageLoadStrategy: normal, platform: MAC, platformName: MAC, proxy: Proxy(), setWindowRect: true, strictFileInteractability: false, timeouts: {implicit: 0, pageLoad: 300000, script: 30000}, unhandledPromptBehavior: dismiss and notify, webauthn:virtualAuthenticators: true}&#10;Session ID: b13adeeb9c03ad66cc058fadce9b573e&#10;*** Element info: {Using=class name, value=nav-shortened-name}" type="org.openqa.selenium.NoSuchElementException"><![CDATA[Given I am on Amazon homepage...............................................passed
When I hover over 'Hello, Sign in' button...................................passed
And I click on 'Sign in' button under Hello, Sign in........................passed
And I enter a valid "shakir.jahangir83@gmail.com" on 'Email (phone for mobile accounts) field.passed
And I click on 'Continue' button below 'Email (phone for mobile accounts) field.passed
And I enter a valid "BugBusters" on the Password field......................passed
And I click on 'Sign-in' button after password..............................passed
Then I verify that "Shakir" is displayed....................................failed

StackTrace:
org.openqa.selenium.NoSuchElementException: no such element: Unable to locate element: {"method":"css selector","selector":".nav\-shortened\-name"}
  (Session info: chrome=85.0.4183.102)
For documentation on this error, please visit: https://www.seleniumhq.org/exceptions/no_such_element.html
Build info: version: '3.141.59', revision: 'e82be7d358', time: '2018-11-14T08:17:03'
System info: host: 'MacBook-Pro-2.home', ip: 'fd4b:8d38:69ba:1:d589:642f:9551:4ca4%en0', os.name: 'Mac OS X', os.arch: 'x86_64', os.version: '10.15.6', java.version: '14.0.1'
Driver info: org.openqa.selenium.chrome.ChromeDriver
Capabilities {acceptInsecureCerts: false, browserName: chrome, browserVersion: 85.0.4183.102, chrome: {chromedriverVersion: 85.0.4183.87 (cd6713ebf92fa..., userDataDir: /var/folders/wz/dgqm41w90yg...}, goog:chromeOptions: {debuggerAddress: localhost:49881}, javascriptEnabled: true, networkConnectionEnabled: false, pageLoadStrategy: normal, platform: MAC, platformName: MAC, proxy: Proxy(), setWindowRect: true, strictFileInteractability: false, timeouts: {implicit: 0, pageLoad: 300000, script: 30000}, unhandledPromptBehavior: dismiss and notify, webauthn:virtualAuthenticators: true}
Session ID: b13adeeb9c03ad66cc058fadce9b573e
*** Element info: {Using=class name, value=nav-shortened-name}
	at jdk.internal.reflect.GeneratedConstructorAccessor14.newInstance(Unknown Source)
	at java.base/jdk.internal.reflect.DelegatingConstructorAccessorImpl.newInstance(DelegatingConstructorAccessorImpl.java:45)
	at java.base/java.lang.reflect.Constructor.newInstanceWithCaller(Constructor.java:500)
	at java.base/java.lang.reflect.Constructor.newInstance(Constructor.java:481)
	at org.openqa.selenium.remote.http.W3CHttpResponseCodec.createException(W3CHttpResponseCodec.java:187)
	at org.openqa.selenium.remote.http.W3CHttpResponseCodec.decode(W3CHttpResponseCodec.java:122)
	at org.openqa.selenium.remote.http.W3CHttpResponseCodec.decode(W3CHttpResponseCodec.java:49)
	at org.openqa.selenium.remote.HttpCommandExecutor.execute(HttpCommandExecutor.java:158)
	at org.openqa.selenium.remote.service.DriverCommandExecutor.execute(DriverCommandExecutor.java:83)
	at org.openqa.selenium.remote.RemoteWebDriver.execute(RemoteWebDriver.java:552)
	at org.openqa.selenium.remote.RemoteWebDriver.findElement(RemoteWebDriver.java:323)
	at org.openqa.selenium.remote.RemoteWebDriver.findElementByClassName(RemoteWebDriver.java:412)
	at org.openqa.selenium.By$ByClassName.findElement(By.java:389)
	at org.openqa.selenium.remote.RemoteWebDriver.findElement(RemoteWebDriver.java:315)
	at base.CommonAPI.validateByTextByClass(CommonAPI.java:737)
	at stepDefinitions.SignInStepDefinition.i_verify_that_is_displayed(SignInStepDefinition.java:92)
	at ✽.I verify that "Shakir" is displayed(file:///Users/ramdaneameur/IdeaProjects/BDDWebAutomationFramework_Team1/Amazon/src/test/java/features/SignIn.feature:47)
]]></failure>
    </testcase>
    <testcase classname="Amazon Sign In functionality check" name="Check that two users can successfully log into Amazon consecutively" time="19.805">
        <failure message="no such element: Unable to locate element: {&quot;method&quot;:&quot;css selector&quot;,&quot;selector&quot;:&quot;.nav\-shortened\-name&quot;}&#10;  (Session info: chrome=85.0.4183.102)&#10;For documentation on this error, please visit: https://www.seleniumhq.org/exceptions/no_such_element.html&#10;Build info: version: '3.141.59', revision: 'e82be7d358', time: '2018-11-14T08:17:03'&#10;System info: host: 'MacBook-Pro-2.home', ip: 'fd4b:8d38:69ba:1:d589:642f:9551:4ca4%en0', os.name: 'Mac OS X', os.arch: 'x86_64', os.version: '10.15.6', java.version: '14.0.1'&#10;Driver info: org.openqa.selenium.chrome.ChromeDriver&#10;Capabilities {acceptInsecureCerts: false, browserName: chrome, browserVersion: 85.0.4183.102, chrome: {chromedriverVersion: 85.0.4183.87 (cd6713ebf92fa..., userDataDir: /var/folders/wz/dgqm41w90yg...}, goog:chromeOptions: {debuggerAddress: localhost:50030}, javascriptEnabled: true, networkConnectionEnabled: false, pageLoadStrategy: normal, platform: MAC, platformName: MAC, proxy: Proxy(), setWindowRect: true, strictFileInteractability: false, timeouts: {implicit: 0, pageLoad: 300000, script: 30000}, unhandledPromptBehavior: dismiss and notify, webauthn:virtualAuthenticators: true}&#10;Session ID: 0a3ef3cf374463c65b5ee5232f578e98&#10;*** Element info: {Using=class name, value=nav-shortened-name}" type="org.openqa.selenium.NoSuchElementException"><![CDATA[Given I am on Amazon homepage...............................................passed
When I hover over 'Hello, Sign in' button...................................passed
And I click on 'Sign in' button under Hello, Sign in........................passed
And I enter a valid "shakir.jahangir83@gmail.com" on 'Email (phone for mobile accounts) field.passed
And I click on 'Continue' button below 'Email (phone for mobile accounts) field.passed
And I enter a valid "BugBusters" on the Password field......................passed
And I click on 'Sign-in' button after password..............................passed
Then I verify that "Shakir" is displayed....................................failed

StackTrace:
org.openqa.selenium.NoSuchElementException: no such element: Unable to locate element: {"method":"css selector","selector":".nav\-shortened\-name"}
  (Session info: chrome=85.0.4183.102)
For documentation on this error, please visit: https://www.seleniumhq.org/exceptions/no_such_element.html
Build info: version: '3.141.59', revision: 'e82be7d358', time: '2018-11-14T08:17:03'
System info: host: 'MacBook-Pro-2.home', ip: 'fd4b:8d38:69ba:1:d589:642f:9551:4ca4%en0', os.name: 'Mac OS X', os.arch: 'x86_64', os.version: '10.15.6', java.version: '14.0.1'
Driver info: org.openqa.selenium.chrome.ChromeDriver
Capabilities {acceptInsecureCerts: false, browserName: chrome, browserVersion: 85.0.4183.102, chrome: {chromedriverVersion: 85.0.4183.87 (cd6713ebf92fa..., userDataDir: /var/folders/wz/dgqm41w90yg...}, goog:chromeOptions: {debuggerAddress: localhost:50030}, javascriptEnabled: true, networkConnectionEnabled: false, pageLoadStrategy: normal, platform: MAC, platformName: MAC, proxy: Proxy(), setWindowRect: true, strictFileInteractability: false, timeouts: {implicit: 0, pageLoad: 300000, script: 30000}, unhandledPromptBehavior: dismiss and notify, webauthn:virtualAuthenticators: true}
Session ID: 0a3ef3cf374463c65b5ee5232f578e98
*** Element info: {Using=class name, value=nav-shortened-name}
	at jdk.internal.reflect.GeneratedConstructorAccessor14.newInstance(Unknown Source)
	at java.base/jdk.internal.reflect.DelegatingConstructorAccessorImpl.newInstance(DelegatingConstructorAccessorImpl.java:45)
	at java.base/java.lang.reflect.Constructor.newInstanceWithCaller(Constructor.java:500)
	at java.base/java.lang.reflect.Constructor.newInstance(Constructor.java:481)
	at org.openqa.selenium.remote.http.W3CHttpResponseCodec.createException(W3CHttpResponseCodec.java:187)
	at org.openqa.selenium.remote.http.W3CHttpResponseCodec.decode(W3CHttpResponseCodec.java:122)
	at org.openqa.selenium.remote.http.W3CHttpResponseCodec.decode(W3CHttpResponseCodec.java:49)
	at org.openqa.selenium.remote.HttpCommandExecutor.execute(HttpCommandExecutor.java:158)
	at org.openqa.selenium.remote.service.DriverCommandExecutor.execute(DriverCommandExecutor.java:83)
	at org.openqa.selenium.remote.RemoteWebDriver.execute(RemoteWebDriver.java:552)
	at org.openqa.selenium.remote.RemoteWebDriver.findElement(RemoteWebDriver.java:323)
	at org.openqa.selenium.remote.RemoteWebDriver.findElementByClassName(RemoteWebDriver.java:412)
	at org.openqa.selenium.By$ByClassName.findElement(By.java:389)
	at org.openqa.selenium.remote.RemoteWebDriver.findElement(RemoteWebDriver.java:315)
	at base.CommonAPI.validateByTextByClass(CommonAPI.java:737)
	at stepDefinitions.SignInStepDefinition.i_verify_that_is_displayed(SignInStepDefinition.java:92)
	at ✽.I verify that "Shakir" is displayed(file:///Users/ramdaneameur/IdeaProjects/BDDWebAutomationFramework_Team1/Amazon/src/test/java/features/SignIn.feature:58)
]]></failure>
    </testcase>
    <testcase classname="Amazon Sign In functionality check" name="Check that two users can successfully log into Amazon consecutively 2" time="20.825">
        <failure message="no such element: Unable to locate element: {&quot;method&quot;:&quot;css selector&quot;,&quot;selector&quot;:&quot;.nav\-shortened\-name&quot;}&#10;  (Session info: chrome=85.0.4183.102)&#10;For documentation on this error, please visit: https://www.seleniumhq.org/exceptions/no_such_element.html&#10;Build info: version: '3.141.59', revision: 'e82be7d358', time: '2018-11-14T08:17:03'&#10;System info: host: 'MacBook-Pro-2.home', ip: 'fd4b:8d38:69ba:1:d589:642f:9551:4ca4%en0', os.name: 'Mac OS X', os.arch: 'x86_64', os.version: '10.15.6', java.version: '14.0.1'&#10;Driver info: org.openqa.selenium.chrome.ChromeDriver&#10;Capabilities {acceptInsecureCerts: false, browserName: chrome, browserVersion: 85.0.4183.102, chrome: {chromedriverVersion: 85.0.4183.87 (cd6713ebf92fa..., userDataDir: /var/folders/wz/dgqm41w90yg...}, goog:chromeOptions: {debuggerAddress: localhost:50177}, javascriptEnabled: true, networkConnectionEnabled: false, pageLoadStrategy: normal, platform: MAC, platformName: MAC, proxy: Proxy(), setWindowRect: true, strictFileInteractability: false, timeouts: {implicit: 0, pageLoad: 300000, script: 30000}, unhandledPromptBehavior: dismiss and notify, webauthn:virtualAuthenticators: true}&#10;Session ID: d9f90c6525d7806746614346e3df1c10&#10;*** Element info: {Using=class name, value=nav-shortened-name}" type="org.openqa.selenium.NoSuchElementException"><![CDATA[Given I am on Amazon homepage...............................................passed
When I hover over 'Hello, Sign in' button...................................passed
And I click on 'Sign in' button under Hello, Sign in........................passed
And I enter a valid "zarria@xhanimatedm.com" on 'Email (phone for mobile accounts) field.passed
And I click on 'Continue' button below 'Email (phone for mobile accounts) field.passed
And I enter a valid "BugBusters" on the Password field......................passed
And I click on 'Sign-in' button after password..............................passed
Then I verify that "Phong" is displayed.....................................failed

StackTrace:
org.openqa.selenium.NoSuchElementException: no such element: Unable to locate element: {"method":"css selector","selector":".nav\-shortened\-name"}
  (Session info: chrome=85.0.4183.102)
For documentation on this error, please visit: https://www.seleniumhq.org/exceptions/no_such_element.html
Build info: version: '3.141.59', revision: 'e82be7d358', time: '2018-11-14T08:17:03'
System info: host: 'MacBook-Pro-2.home', ip: 'fd4b:8d38:69ba:1:d589:642f:9551:4ca4%en0', os.name: 'Mac OS X', os.arch: 'x86_64', os.version: '10.15.6', java.version: '14.0.1'
Driver info: org.openqa.selenium.chrome.ChromeDriver
Capabilities {acceptInsecureCerts: false, browserName: chrome, browserVersion: 85.0.4183.102, chrome: {chromedriverVersion: 85.0.4183.87 (cd6713ebf92fa..., userDataDir: /var/folders/wz/dgqm41w90yg...}, goog:chromeOptions: {debuggerAddress: localhost:50177}, javascriptEnabled: true, networkConnectionEnabled: false, pageLoadStrategy: normal, platform: MAC, platformName: MAC, proxy: Proxy(), setWindowRect: true, strictFileInteractability: false, timeouts: {implicit: 0, pageLoad: 300000, script: 30000}, unhandledPromptBehavior: dismiss and notify, webauthn:virtualAuthenticators: true}
Session ID: d9f90c6525d7806746614346e3df1c10
*** Element info: {Using=class name, value=nav-shortened-name}
	at jdk.internal.reflect.GeneratedConstructorAccessor14.newInstance(Unknown Source)
	at java.base/jdk.internal.reflect.DelegatingConstructorAccessorImpl.newInstance(DelegatingConstructorAccessorImpl.java:45)
	at java.base/java.lang.reflect.Constructor.newInstanceWithCaller(Constructor.java:500)
	at java.base/java.lang.reflect.Constructor.newInstance(Constructor.java:481)
	at org.openqa.selenium.remote.http.W3CHttpResponseCodec.createException(W3CHttpResponseCodec.java:187)
	at org.openqa.selenium.remote.http.W3CHttpResponseCodec.decode(W3CHttpResponseCodec.java:122)
	at org.openqa.selenium.remote.http.W3CHttpResponseCodec.decode(W3CHttpResponseCodec.java:49)
	at org.openqa.selenium.remote.HttpCommandExecutor.execute(HttpCommandExecutor.java:158)
	at org.openqa.selenium.remote.service.DriverCommandExecutor.execute(DriverCommandExecutor.java:83)
	at org.openqa.selenium.remote.RemoteWebDriver.execute(RemoteWebDriver.java:552)
	at org.openqa.selenium.remote.RemoteWebDriver.findElement(RemoteWebDriver.java:323)
	at org.openqa.selenium.remote.RemoteWebDriver.findElementByClassName(RemoteWebDriver.java:412)
	at org.openqa.selenium.By$ByClassName.findElement(By.java:389)
	at org.openqa.selenium.remote.RemoteWebDriver.findElement(RemoteWebDriver.java:315)
	at base.CommonAPI.validateByTextByClass(CommonAPI.java:737)
	at stepDefinitions.SignInStepDefinition.i_verify_that_is_displayed(SignInStepDefinition.java:92)
	at ✽.I verify that "Phong" is displayed(file:///Users/ramdaneameur/IdeaProjects/BDDWebAutomationFramework_Team1/Amazon/src/test/java/features/SignIn.feature:58)
]]></failure>
    </testcase>
    <testcase classname="Amazon Sign In functionality check" name="Check that an alert message is displayed when user tries to login without an email or phone number" time="5.411">
        <system-out><![CDATA[Given I am on Amazon homepage...............................................passed
When I hover over 'Hello, Sign in' button...................................passed
And I click on 'Sign in' button under Hello, Sign in........................passed
And I click on 'Continue' button below 'Email (phone for mobile accounts) field.passed
Then I verify that the missing email or phone "Enter your email or mobile phone number" is displayed.passed
]]></system-out>
    </testcase>
    <testcase classname="Amazon Sign In functionality check" name="Check that an alert message is displayed when user tries to login without a password" time="7.832">
        <system-out><![CDATA[Given I am on Amazon homepage...............................................passed
When I hover over 'Hello, Sign in' button...................................passed
And I click on 'Sign in' button under Hello, Sign in........................passed
And I enter a valid "shakir.jahangir83@gmail.com" on 'Email (phone for mobile accounts) field.passed
And I click on 'Continue' button below 'Email (phone for mobile accounts) field.passed
And I click on 'Sign-in' button after password..............................passed
Then I verify that the missing password "Enter your password" is displayed..passed
]]></system-out>
    </testcase>
    <testcase classname="Amazon Sign In functionality check" name="Check that user can navigate to 'Forgot your password?' page" time="10.518">
        <system-out><![CDATA[Given I am on Amazon homepage...............................................passed
When I hover over 'Hello, Sign in' button...................................passed
And I click on 'Sign in' button under Hello, Sign in........................passed
And I enter a valid "shakir.jahangir83@gmail.com" on 'Email (phone for mobile accounts) field.passed
And I click on 'Continue' button below 'Email (phone for mobile accounts) field.passed
And I click on 'Forgot your password?' link.................................passed
Then I verify "Amazon Password Assistance"..................................passed
]]></system-out>
    </testcase>
    <testcase classname="Amazon Sign In functionality check" name="Check that alert message is displayed when user can navigate to 'Forgot your password?' page" time="16.549">
        <system-out><![CDATA[Given I am on Amazon homepage...............................................passed
When I hover over 'Hello, Sign in' button...................................passed
And I click on 'Sign in' button under Hello, Sign in........................passed
And I enter a valid "shakir.jahangir83@gmail.com" on 'Email (phone for mobile accounts) field.passed
And I click on 'Continue' button below 'Email (phone for mobile accounts) field.passed
And I click on 'Forgot your password?' link.................................passed
And I clear the 'Email or mobile phone number' field........................passed
And I enter an "bogusemail9183@bogus.com" on Forgot your password? page.....passed
And I click on 'Continue' button on 'Forgot your password?' page............passed
Then I verify by "Please solve this puzzle so we know you're a real person" or an "We're sorry. We weren't able to identify you given the information provided.".passed
]]></system-out>
    </testcase>
</testsuite>
