<?xml version="1.0" encoding="UTF-8" standalone="no"?>
<testsuite errors="0" failures="0" name="io.cucumber.core.plugin.JUnitFormatter" skipped="0" tests="1" time="15.28">
    <testcase classname="Amazon Sign In functionality check" name="Check that an alert message is displayed when user tries to login with an invalid password" time="14.776">
        <system-out>
            <![CDATA[Given I am on Amazon homepage...............................................passed
When I hover over 'Hello, Sign in' button...................................passed
And I click on 'Sign in' button under Hello, Sign in........................passed
And I enter a valid "shakir.jahangir83@gmail.com" on 'Email (phone for mobile accounts) field.passed
And I click on 'Continue' button below 'Email (phone for mobile accounts) field.passed
And I enter a valid "BugBusters" on the Password field......................passed
And I click on 'Sign-in' button after password..............................passed
Then I verify that "Shakir" is displayed....................................passed
]]>
        </system-out>
    </testcase>
</testsuite>
