<?xml version="1.0" encoding="UTF-8" standalone="no"?>
<testsuite errors="0" failures="0" name="io.cucumber.core.plugin.JUnitFormatter" skipped="0" tests="1" time="17.635">
    <testcase classname="Delta homepage functionality check" name="Check that user can navigate to 'Certificates &amp; eCredits' page" time="17.01">
        <system-out>
            <![CDATA[Given I am on Delta homepage................................................passed
When I click on 'Need Help?' tab............................................passed
And I click on 'Certificates & eCredits' link...............................passed
Then I verify page "View or Redeem Multiple Certificates or Ecredits or Gift Cards : Delta Air Lines".passed
]]>
        </system-out>
    </testcase>
</testsuite>
