<?xml version="1.0" encoding="UTF-8" standalone="no"?>
<testsuite errors="0" failures="0" name="io.cucumber.core.plugin.JUnitFormatter" skipped="0" tests="14" time="175.558">
    <testcase classname="New york Times world page functionality" name="New york times world page functionality checked with valid data" time="4.988">
        <system-out>
            <![CDATA[Given I am in newYorkTimes homepage.........................................passed
When I click on worldButton.................................................passed
Then I verify page title as "World News - The New York Times"...............passed
]]>
        </system-out>
    </testcase>
    <testcase classname="New york Times world page functionality" name="New York times US page functionality checked with valid data" time="6.735">
        <system-out>
            <![CDATA[Given I am in newYorkTimes homepage.........................................passed
When I click on US button...................................................passed
Then I verify page title1 as "The New York Times - Breaking News, World News & Multimedia".passed
]]>
        </system-out>
    </testcase>
    <testcase classname="New york Times world page functionality" name="New York Times politics page functionality with valid data" time="7.816">
        <system-out>
            <![CDATA[Given I am in newYorkTimes homepage.........................................passed
When I click on politics button.............................................passed
Then I verify page title2 as "Politics - The New York Times"................passed
]]>
        </system-out>
    </testcase>
    <testcase classname="New york Times world page functionality" name="New York Times NY page functionality with valid data" time="4.39">
        <system-out>
            <![CDATA[Given I am in newYorkTimes homepage.........................................passed
When I click on NY button...................................................passed
Then I verify page Title3 as "New York - The New York Times"................passed
]]>
        </system-out>
    </testcase>
    <testcase classname="New york Times world page functionality" name="New York times business page functionality with valid data" time="6.165">
        <system-out>
            <![CDATA[Given I am in newYorkTimes homepage.........................................passed
When I click business button................................................passed
Then I verify business page title as "Business - The New York Times"........passed
]]>
        </system-out>
    </testcase>
    <testcase classname="New york Times world page functionality" name="" time="3.606">
        <system-out>
            <![CDATA[Given I am in newYorkTimes homepage.........................................passed
When I click opinion button.................................................passed
Then I Verify opinion page title as "Opinion - The New York Times"..........passed
]]>
        </system-out>
    </testcase>
    <testcase classname="New york Times world page functionality" name="New York times technology page functionality with valid data" time="4.922">
        <system-out>
            <![CDATA[Given I am in newYorkTimes homepage.........................................passed
When I click technology button..............................................passed
Then I verify technology page title as "Technology - The New York Times"....passed
]]>
        </system-out>
    </testcase>
    <testcase classname="New york Times world page functionality" name="New York times science page functionality with data" time="14.391">
        <system-out>
            <![CDATA[Given I am in newYorkTimes homepage.........................................passed
When I click on science button..............................................passed
And I click on climate......................................................passed
And I verify science page title as "Climate and Environment - The New York Times".passed
Then I navigate back to the science page....................................passed
And I click on space and cosmos.............................................passed
]]>
        </system-out>
    </testcase>
    <testcase classname="New york Times world page functionality" name="New York times health page functionality with data" time="24.424">
        <system-out>
            <![CDATA[Given I am in newYorkTimes homepage.........................................passed
When I click on health button...............................................passed
And I click on health policy................................................passed
And I click on global health................................................passed
And I click on the new old age..............................................passed
Then I verify health page title as "Health - The New York Times"............passed
]]>
        </system-out>
    </testcase>
    <testcase classname="New york Times world page functionality" name="New york times sport page functionality with data" time="33.495">
        <system-out>
            <![CDATA[Given I am in newYorkTimes homepage.........................................passed
When I click on sport button................................................passed
And I click on baseball.....................................................passed
And I click on NFL..........................................................passed
And I click on soccer.......................................................passed
And I click on NBA..........................................................passed
And I click on tennis.......................................................passed
Then I verify sport page title as "Sports - The New York Times".............passed
]]>
        </system-out>
    </testcase>
    <testcase classname="New york Times world page functionality" name="New york times Arts functionality with data" time="22.634">
        <system-out>
            <![CDATA[Given I am in newYorkTimes homepage.........................................passed
When I click on Arts button.................................................passed
And I click on books........................................................passed
And I click on dance........................................................passed
And I click on movies.......................................................passed
Then I verify Arts page title as "Arts - The New York Times"................passed
]]>
        </system-out>
    </testcase>
    <testcase classname="New york Times world page functionality" name="New york times Books functionality with data" time="14.746">
        <system-out>
            <![CDATA[Given I am in newYorkTimes homepage.........................................passed
When I click on Books button................................................passed
And I click on bookReview...................................................passed
And I click on bestSeller...................................................passed
Then I verify best seller page as "Best Sellers - The New York Times".......passed
]]>
        </system-out>
    </testcase>
    <testcase classname="New york Times world page functionality" name="New times byTheBook functionality with data" time="15.335">
        <system-out>
            <![CDATA[Given I am in newYorkTimes homepage.........................................passed
When I click on books button1...............................................passed
And I click on ByTheBooks...................................................passed
Then I verify ByTheBooks page as "By the Book - The New York Times".........passed
]]>
        </system-out>
    </testcase>
    <testcase classname="New york times search functionality check" name="_2" time="11.366">
        <system-out>
            <![CDATA[Given I am in new York Times homepage.......................................passed
And I click on searchButton.................................................passed
And I enter "today's news" in search field..................................passed
And I submit search field...................................................passed
Then I verify search page title as "The New York Times - Search"............passed
]]>
        </system-out>
    </testcase>
</testsuite>
